{"total": {"lines":{"total":1206,"covered":1008,"skipped":0,"pct":83.58},"statements":{"total":1206,"covered":1008,"skipped":0,"pct":83.58},"functions":{"total":64,"covered":38,"skipped":0,"pct":59.37},"branches":{"total":166,"covered":136,"skipped":0,"pct":81.92},"branchesTrue":{"total":0,"covered":0,"skipped":0,"pct":100}}
,"C:\\Users\\admin\\Desktop\\REACT+TS\\new react\\REACT2024\\src\\constants.tsx": {"lines":{"total":2,"covered":2,"skipped":0,"pct":100},"functions":{"total":0,"covered":0,"skipped":0,"pct":100},"statements":{"total":2,"covered":2,"skipped":0,"pct":100},"branches":{"total":0,"covered":0,"skipped":0,"pct":100}}
,"C:\\Users\\admin\\Desktop\\REACT+TS\\new react\\REACT2024\\src\\root.tsx": {"lines":{"total":26,"covered":0,"skipped":0,"pct":0},"functions":{"total":1,"covered":0,"skipped":0,"pct":0},"statements":{"total":26,"covered":0,"skipped":0,"pct":0},"branches":{"total":1,"covered":0,"skipped":0,"pct":0}}
,"C:\\Users\\admin\\Desktop\\REACT+TS\\new react\\REACT2024\\src\\store.tsx": {"lines":{"total":16,"covered":16,"skipped":0,"pct":100},"functions":{"total":1,"covered":1,"skipped":0,"pct":100},"statements":{"total":16,"covered":16,"skipped":0,"pct":100},"branches":{"total":1,"covered":1,"skipped":0,"pct":100}}
,"C:\\Users\\admin\\Desktop\\REACT+TS\\new react\\REACT2024\\src\\types.tsx": {"lines":{"total":0,"covered":0,"skipped":0,"pct":100},"functions":{"total":1,"covered":1,"skipped":0,"pct":100},"statements":{"total":0,"covered":0,"skipped":0,"pct":100},"branches":{"total":1,"covered":1,"skipped":0,"pct":100}}
,"C:\\Users\\admin\\Desktop\\REACT+TS\\new react\\REACT2024\\src\\vite-env.d.ts": {"lines":{"total":0,"covered":0,"skipped":0,"pct":100},"functions":{"total":1,"covered":1,"skipped":0,"pct":100},"statements":{"total":0,"covered":0,"skipped":0,"pct":100},"branches":{"total":1,"covered":1,"skipped":0,"pct":100}}
,"C:\\Users\\admin\\Desktop\\REACT+TS\\new react\\REACT2024\\src\\components\\AnimalDetails.test.tsx": {"lines":{"total":107,"covered":107,"skipped":0,"pct":100},"functions":{"total":0,"covered":0,"skipped":0,"pct":100},"statements":{"total":107,"covered":107,"skipped":0,"pct":100},"branches":{"total":6,"covered":6,"skipped":0,"pct":100}}
,"C:\\Users\\admin\\Desktop\\REACT+TS\\new react\\REACT2024\\src\\components\\AnimalDetails.tsx": {"lines":{"total":51,"covered":50,"skipped":0,"pct":98.03},"functions":{"total":1,"covered":1,"skipped":0,"pct":100},"statements":{"total":51,"covered":50,"skipped":0,"pct":98.03},"branches":{"total":15,"covered":9,"skipped":0,"pct":60}}
,"C:\\Users\\admin\\Desktop\\REACT+TS\\new react\\REACT2024\\src\\components\\Checkbox.test.tsx": {"lines":{"total":51,"covered":51,"skipped":0,"pct":100},"functions":{"total":0,"covered":0,"skipped":0,"pct":100},"statements":{"total":51,"covered":51,"skipped":0,"pct":100},"branches":{"total":5,"covered":5,"skipped":0,"pct":100}}
,"C:\\Users\\admin\\Desktop\\REACT+TS\\new react\\REACT2024\\src\\components\\Checkbox.tsx": {"lines":{"total":21,"covered":21,"skipped":0,"pct":100},"functions":{"total":2,"covered":2,"skipped":0,"pct":100},"statements":{"total":21,"covered":21,"skipped":0,"pct":100},"branches":{"total":4,"covered":4,"skipped":0,"pct":100}}
,"C:\\Users\\admin\\Desktop\\REACT+TS\\new react\\REACT2024\\src\\components\\ErrorBoundary.test.tsx": {"lines":{"total":14,"covered":14,"skipped":0,"pct":100},"functions":{"total":1,"covered":1,"skipped":0,"pct":100},"statements":{"total":14,"covered":14,"skipped":0,"pct":100},"branches":{"total":2,"covered":2,"skipped":0,"pct":100}}
,"C:\\Users\\admin\\Desktop\\REACT+TS\\new react\\REACT2024\\src\\components\\ErrorBoundary.tsx": {"lines":{"total":32,"covered":30,"skipped":0,"pct":93.75},"functions":{"total":8,"covered":6,"skipped":0,"pct":75},"statements":{"total":32,"covered":30,"skipped":0,"pct":93.75},"branches":{"total":8,"covered":7,"skipped":0,"pct":87.5}}
,"C:\\Users\\admin\\Desktop\\REACT+TS\\new react\\REACT2024\\src\\components\\Flyout.test.tsx": {"lines":{"total":38,"covered":38,"skipped":0,"pct":100},"functions":{"total":1,"covered":1,"skipped":0,"pct":100},"statements":{"total":38,"covered":38,"skipped":0,"pct":100},"branches":{"total":3,"covered":3,"skipped":0,"pct":100}}
,"C:\\Users\\admin\\Desktop\\REACT+TS\\new react\\REACT2024\\src\\components\\Flyout.tsx": {"lines":{"total":26,"covered":22,"skipped":0,"pct":84.61},"functions":{"total":3,"covered":1,"skipped":0,"pct":33.33},"statements":{"total":26,"covered":22,"skipped":0,"pct":84.61},"branches":{"total":5,"covered":4,"skipped":0,"pct":80}}
,"C:\\Users\\admin\\Desktop\\REACT+TS\\new react\\REACT2024\\src\\components\\NotFound.test.tsx": {"lines":{"total":7,"covered":7,"skipped":0,"pct":100},"functions":{"total":0,"covered":0,"skipped":0,"pct":100},"statements":{"total":7,"covered":7,"skipped":0,"pct":100},"branches":{"total":1,"covered":1,"skipped":0,"pct":100}}
,"C:\\Users\\admin\\Desktop\\REACT+TS\\new react\\REACT2024\\src\\components\\NotFound.tsx": {"lines":{"total":11,"covered":11,"skipped":0,"pct":100},"functions":{"total":1,"covered":1,"skipped":0,"pct":100},"statements":{"total":11,"covered":11,"skipped":0,"pct":100},"branches":{"total":2,"covered":1,"skipped":0,"pct":50}}
,"C:\\Users\\admin\\Desktop\\REACT+TS\\new react\\REACT2024\\src\\components\\Pagination.tsx": {"lines":{"total":27,"covered":22,"skipped":0,"pct":81.48},"functions":{"total":1,"covered":1,"skipped":0,"pct":100},"statements":{"total":27,"covered":22,"skipped":0,"pct":81.48},"branches":{"total":3,"covered":1,"skipped":0,"pct":33.33}}
,"C:\\Users\\admin\\Desktop\\REACT+TS\\new react\\REACT2024\\src\\components\\Search.test.tsx": {"lines":{"total":16,"covered":16,"skipped":0,"pct":100},"functions":{"total":1,"covered":1,"skipped":0,"pct":100},"statements":{"total":16,"covered":16,"skipped":0,"pct":100},"branches":{"total":4,"covered":4,"skipped":0,"pct":100}}
,"C:\\Users\\admin\\Desktop\\REACT+TS\\new react\\REACT2024\\src\\components\\Search.tsx": {"lines":{"total":27,"covered":27,"skipped":0,"pct":100},"functions":{"total":3,"covered":3,"skipped":0,"pct":100},"statements":{"total":27,"covered":27,"skipped":0,"pct":100},"branches":{"total":4,"covered":4,"skipped":0,"pct":100}}
,"C:\\Users\\admin\\Desktop\\REACT+TS\\new react\\REACT2024\\src\\components\\SearchResults.test.tsx": {"lines":{"total":43,"covered":43,"skipped":0,"pct":100},"functions":{"total":0,"covered":0,"skipped":0,"pct":100},"statements":{"total":43,"covered":43,"skipped":0,"pct":100},"branches":{"total":4,"covered":4,"skipped":0,"pct":100}}
,"C:\\Users\\admin\\Desktop\\REACT+TS\\new react\\REACT2024\\src\\components\\SearchResults.tsx": {"lines":{"total":36,"covered":36,"skipped":0,"pct":100},"functions":{"total":1,"covered":1,"skipped":0,"pct":100},"statements":{"total":36,"covered":36,"skipped":0,"pct":100},"branches":{"total":7,"covered":6,"skipped":0,"pct":85.71}}
,"C:\\Users\\admin\\Desktop\\REACT+TS\\new react\\REACT2024\\src\\context\\ThemeContext.test.tsx": {"lines":{"total":45,"covered":45,"skipped":0,"pct":100},"functions":{"total":1,"covered":1,"skipped":0,"pct":100},"statements":{"total":45,"covered":45,"skipped":0,"pct":100},"branches":{"total":7,"covered":7,"skipped":0,"pct":100}}
,"C:\\Users\\admin\\Desktop\\REACT+TS\\new react\\REACT2024\\src\\context\\ThemeContext.tsx": {"lines":{"total":28,"covered":28,"skipped":0,"pct":100},"functions":{"total":2,"covered":2,"skipped":0,"pct":100},"statements":{"total":28,"covered":28,"skipped":0,"pct":100},"branches":{"total":6,"covered":6,"skipped":0,"pct":100}}
,"C:\\Users\\admin\\Desktop\\REACT+TS\\new react\\REACT2024\\src\\hooks\\useSearchTerm.test.tsx": {"lines":{"total":38,"covered":36,"skipped":0,"pct":94.73},"functions":{"total":4,"covered":3,"skipped":0,"pct":75},"statements":{"total":38,"covered":36,"skipped":0,"pct":94.73},"branches":{"total":12,"covered":12,"skipped":0,"pct":100}}
,"C:\\Users\\admin\\Desktop\\REACT+TS\\new react\\REACT2024\\src\\hooks\\useSearchTerm.tsx": {"lines":{"total":13,"covered":13,"skipped":0,"pct":100},"functions":{"total":1,"covered":1,"skipped":0,"pct":100},"statements":{"total":13,"covered":13,"skipped":0,"pct":100},"branches":{"total":5,"covered":5,"skipped":0,"pct":100}}
,"C:\\Users\\admin\\Desktop\\REACT+TS\\new react\\REACT2024\\src\\hooks\\useTheme.tsx": {"lines":{"total":4,"covered":4,"skipped":0,"pct":100},"functions":{"total":2,"covered":2,"skipped":0,"pct":100},"statements":{"total":4,"covered":4,"skipped":0,"pct":100},"branches":{"total":2,"covered":2,"skipped":0,"pct":100}}
,"C:\\Users\\admin\\Desktop\\REACT+TS\\new react\\REACT2024\\src\\middleware\\loadingMiddleware.tsx": {"lines":{"total":20,"covered":5,"skipped":0,"pct":25},"functions":{"total":1,"covered":1,"skipped":0,"pct":100},"statements":{"total":20,"covered":5,"skipped":0,"pct":25},"branches":{"total":2,"covered":2,"skipped":0,"pct":100}}
,"C:\\Users\\admin\\Desktop\\REACT+TS\\new react\\REACT2024\\src\\routes\\404.tsx": {"lines":{"total":11,"covered":0,"skipped":0,"pct":0},"functions":{"total":1,"covered":0,"skipped":0,"pct":0},"statements":{"total":11,"covered":0,"skipped":0,"pct":0},"branches":{"total":1,"covered":0,"skipped":0,"pct":0}}
,"C:\\Users\\admin\\Desktop\\REACT+TS\\new react\\REACT2024\\src\\routes\\_index.tsx": {"lines":{"total":4,"covered":0,"skipped":0,"pct":0},"functions":{"total":1,"covered":0,"skipped":0,"pct":0},"statements":{"total":4,"covered":0,"skipped":0,"pct":0},"branches":{"total":1,"covered":0,"skipped":0,"pct":0}}
,"C:\\Users\\admin\\Desktop\\REACT+TS\\new react\\REACT2024\\src\\routes\\animals.$id.tsx": {"lines":{"total":35,"covered":35,"skipped":0,"pct":100},"functions":{"total":1,"covered":1,"skipped":0,"pct":100},"statements":{"total":35,"covered":35,"skipped":0,"pct":100},"branches":{"total":13,"covered":9,"skipped":0,"pct":69.23}}
,"C:\\Users\\admin\\Desktop\\REACT+TS\\new react\\REACT2024\\src\\routes\\animals.tsx": {"lines":{"total":74,"covered":52,"skipped":0,"pct":70.27},"functions":{"total":3,"covered":1,"skipped":0,"pct":33.33},"statements":{"total":74,"covered":52,"skipped":0,"pct":70.27},"branches":{"total":11,"covered":7,"skipped":0,"pct":63.63}}
,"C:\\Users\\admin\\Desktop\\REACT+TS\\new react\\REACT2024\\src\\services\\apiSlice.tsx": {"lines":{"total":19,"covered":16,"skipped":0,"pct":84.21},"functions":{"total":3,"covered":1,"skipped":0,"pct":33.33},"statements":{"total":19,"covered":16,"skipped":0,"pct":84.21},"branches":{"total":1,"covered":1,"skipped":0,"pct":100}}
,"C:\\Users\\admin\\Desktop\\REACT+TS\\new react\\REACT2024\\src\\services\\fetchAnimalData.tsx": {"lines":{"total":38,"covered":2,"skipped":0,"pct":5.26},"functions":{"total":1,"covered":0,"skipped":0,"pct":0},"statements":{"total":38,"covered":2,"skipped":0,"pct":5.26},"branches":{"total":0,"covered":0,"skipped":0,"pct":100}}
,"C:\\Users\\admin\\Desktop\\REACT+TS\\new react\\REACT2024\\src\\slices\\loadingSlice.tsx": {"lines":{"total":15,"covered":13,"skipped":0,"pct":86.66},"functions":{"total":1,"covered":0,"skipped":0,"pct":0},"statements":{"total":15,"covered":13,"skipped":0,"pct":86.66},"branches":{"total":0,"covered":0,"skipped":0,"pct":100}}
,"C:\\Users\\admin\\Desktop\\REACT+TS\\new react\\REACT2024\\src\\slices\\paginationSlice.ts": {"lines":{"total":19,"covered":15,"skipped":0,"pct":78.94},"functions":{"total":2,"covered":0,"skipped":0,"pct":0},"statements":{"total":19,"covered":15,"skipped":0,"pct":78.94},"branches":{"total":0,"covered":0,"skipped":0,"pct":100}}
,"C:\\Users\\admin\\Desktop\\REACT+TS\\new react\\REACT2024\\src\\slices\\selectedItemsSlice.tsx": {"lines":{"total":32,"covered":17,"skipped":0,"pct":53.12},"functions":{"total":4,"covered":0,"skipped":0,"pct":0},"statements":{"total":32,"covered":17,"skipped":0,"pct":53.12},"branches":{"total":0,"covered":0,"skipped":0,"pct":100}}
,"C:\\Users\\admin\\Desktop\\REACT+TS\\new react\\REACT2024\\src\\test\\animals.$id.test.tsx": {"lines":{"total":82,"covered":82,"skipped":0,"pct":100},"functions":{"total":0,"covered":0,"skipped":0,"pct":100},"statements":{"total":82,"covered":82,"skipped":0,"pct":100},"branches":{"total":5,"covered":5,"skipped":0,"pct":100}}
,"C:\\Users\\admin\\Desktop\\REACT+TS\\new react\\REACT2024\\src\\test\\animals.test.tsx": {"lines":{"total":46,"covered":46,"skipped":0,"pct":100},"functions":{"total":0,"covered":0,"skipped":0,"pct":100},"statements":{"total":46,"covered":46,"skipped":0,"pct":100},"branches":{"total":3,"covered":3,"skipped":0,"pct":100}}
,"C:\\Users\\admin\\Desktop\\REACT+TS\\new react\\REACT2024\\src\\test\\mocks\\CustomRouter.tsx": {"lines":{"total":16,"covered":0,"skipped":0,"pct":0},"functions":{"total":1,"covered":0,"skipped":0,"pct":0},"statements":{"total":16,"covered":0,"skipped":0,"pct":0},"branches":{"total":1,"covered":0,"skipped":0,"pct":0}}
,"C:\\Users\\admin\\Desktop\\REACT+TS\\new react\\REACT2024\\src\\test\\mocks\\localstorage.ts": {"lines":{"total":18,"covered":0,"skipped":0,"pct":0},"functions":{"total":1,"covered":0,"skipped":0,"pct":0},"statements":{"total":18,"covered":0,"skipped":0,"pct":0},"branches":{"total":1,"covered":0,"skipped":0,"pct":0}}
,"C:\\Users\\admin\\Desktop\\REACT+TS\\new react\\REACT2024\\src\\utils\\csx.test.tsx": {"lines":{"total":75,"covered":65,"skipped":0,"pct":86.66},"functions":{"total":6,"covered":2,"skipped":0,"pct":33.33},"statements":{"total":75,"covered":65,"skipped":0,"pct":86.66},"branches":{"total":9,"covered":7,"skipped":0,"pct":77.77}}
,"C:\\Users\\admin\\Desktop\\REACT+TS\\new react\\REACT2024\\src\\utils\\csx.tsx": {"lines":{"total":23,"covered":21,"skipped":0,"pct":91.3},"functions":{"total":1,"covered":1,"skipped":0,"pct":100},"statements":{"total":23,"covered":21,"skipped":0,"pct":91.3},"branches":{"total":9,"covered":6,"skipped":0,"pct":66.66}}
}
