{"C:\\Users\\admin\\Desktop\\REACT+TS\\REACT2024Q3\\src\\App.tsx": {"path":"C:\\Users\\admin\\Desktop\\REACT+TS\\REACT2024Q3\\src\\App.tsx","all":false,"statementMap":{"0":{"start":{"line":1,"column":0},"end":{"line":1,"column":26}},"1":{"start":{"line":2,"column":0},"end":{"line":2,"column":64}},"2":{"start":{"line":3,"column":0},"end":{"line":3,"column":37}},"3":{"start":{"line":4,"column":0},"end":{"line":4,"column":55}},"4":{"start":{"line":5,"column":0},"end":{"line":5,"column":45}},"5":{"start":{"line":6,"column":0},"end":{"line":6,"column":55}},"7":{"start":{"line":8,"column":0},"end":{"line":8,"column":19}},"8":{"start":{"line":9,"column":0},"end":{"line":9,"column":10}},"9":{"start":{"line":10,"column":0},"end":{"line":10,"column":19}},"10":{"start":{"line":11,"column":0},"end":{"line":11,"column":21}},"11":{"start":{"line":12,"column":0},"end":{"line":12,"column":16}},"12":{"start":{"line":13,"column":0},"end":{"line":13,"column":45}},"13":{"start":{"line":14,"column":0},"end":{"line":14,"column":68}},"14":{"start":{"line":15,"column":0},"end":{"line":15,"column":18}},"15":{"start":{"line":16,"column":0},"end":{"line":16,"column":51}},"16":{"start":{"line":17,"column":0},"end":{"line":17,"column":17}},"17":{"start":{"line":18,"column":0},"end":{"line":18,"column":22}},"18":{"start":{"line":19,"column":0},"end":{"line":19,"column":20}},"20":{"start":{"line":21,"column":0},"end":{"line":21,"column":2}},"22":{"start":{"line":23,"column":0},"end":{"line":23,"column":19}}},"s":{"0":1,"1":1,"2":1,"3":1,"4":1,"5":1,"7":1,"8":1,"9":1,"10":1,"11":1,"12":1,"13":1,"14":1,"15":1,"16":1,"17":1,"18":1,"20":1,"22":1},"branchMap":{"0":{"type":"branch","line":8,"loc":{"start":{"line":8,"column":12},"end":{"line":21,"column":2}},"locations":[{"start":{"line":8,"column":12},"end":{"line":21,"column":2}}]}},"b":{"0":[1]},"fnMap":{"0":{"name":"App","decl":{"start":{"line":8,"column":12},"end":{"line":21,"column":2}},"loc":{"start":{"line":8,"column":12},"end":{"line":21,"column":2}},"line":8}},"f":{"0":1}}
,"C:\\Users\\admin\\Desktop\\REACT+TS\\REACT2024Q3\\src\\constants.tsx": {"path":"C:\\Users\\admin\\Desktop\\REACT+TS\\REACT2024Q3\\src\\constants.tsx","all":false,"statementMap":{"0":{"start":{"line":1,"column":0},"end":{"line":1,"column":64}}},"s":{"0":1},"branchMap":{},"b":{},"fnMap":{},"f":{}}
,"C:\\Users\\admin\\Desktop\\REACT+TS\\REACT2024Q3\\src\\main.tsx": {"path":"C:\\Users\\admin\\Desktop\\REACT+TS\\REACT2024Q3\\src\\main.tsx","all":true,"statementMap":{"0":{"start":{"line":1,"column":0},"end":{"line":1,"column":40}},"1":{"start":{"line":2,"column":0},"end":{"line":2,"column":24}},"2":{"start":{"line":3,"column":0},"end":{"line":3,"column":55}},"3":{"start":{"line":4,"column":0},"end":{"line":4,"column":39}},"4":{"start":{"line":5,"column":0},"end":{"line":5,"column":32}},"5":{"start":{"line":6,"column":0},"end":{"line":6,"column":55}},"7":{"start":{"line":8,"column":0},"end":{"line":8,"column":61}},"8":{"start":{"line":9,"column":0},"end":{"line":9,"column":17}},"9":{"start":{"line":10,"column":0},"end":{"line":10,"column":28}},"10":{"start":{"line":11,"column":0},"end":{"line":11,"column":21}},"11":{"start":{"line":12,"column":0},"end":{"line":12,"column":15}},"12":{"start":{"line":13,"column":0},"end":{"line":13,"column":22}},"13":{"start":{"line":14,"column":0},"end":{"line":14,"column":15}},"14":{"start":{"line":15,"column":0},"end":{"line":15,"column":19}},"15":{"start":{"line":16,"column":0},"end":{"line":16,"column":2}}},"s":{"0":0,"1":0,"2":0,"3":0,"4":0,"5":0,"7":0,"8":0,"9":0,"10":0,"11":0,"12":0,"13":0,"14":0,"15":0},"branchMap":{"0":{"type":"branch","line":1,"loc":{"start":{"line":1,"column":460},"end":{"line":16,"column":2}},"locations":[{"start":{"line":1,"column":460},"end":{"line":16,"column":2}}]}},"b":{"0":[0]},"fnMap":{"0":{"name":"(empty-report)","decl":{"start":{"line":1,"column":460},"end":{"line":16,"column":2}},"loc":{"start":{"line":1,"column":460},"end":{"line":16,"column":2}},"line":1}},"f":{"0":0}}
,"C:\\Users\\admin\\Desktop\\REACT+TS\\REACT2024Q3\\src\\store.tsx": {"path":"C:\\Users\\admin\\Desktop\\REACT+TS\\REACT2024Q3\\src\\store.tsx","all":false,"statementMap":{"0":{"start":{"line":1,"column":0},"end":{"line":1,"column":50}},"1":{"start":{"line":2,"column":0},"end":{"line":2,"column":47}},"2":{"start":{"line":3,"column":0},"end":{"line":3,"column":63}},"3":{"start":{"line":4,"column":0},"end":{"line":4,"column":57}},"4":{"start":{"line":5,"column":0},"end":{"line":5,"column":63}},"5":{"start":{"line":6,"column":0},"end":{"line":6,"column":51}},"7":{"start":{"line":8,"column":0},"end":{"line":8,"column":37}},"8":{"start":{"line":9,"column":0},"end":{"line":9,"column":12}},"9":{"start":{"line":10,"column":0},"end":{"line":10,"column":45}},"10":{"start":{"line":11,"column":0},"end":{"line":11,"column":40}},"11":{"start":{"line":12,"column":0},"end":{"line":12,"column":34}},"12":{"start":{"line":13,"column":0},"end":{"line":13,"column":28}},"13":{"start":{"line":14,"column":0},"end":{"line":14,"column":4}},"14":{"start":{"line":15,"column":0},"end":{"line":15,"column":39}},"15":{"start":{"line":16,"column":0},"end":{"line":16,"column":74}},"16":{"start":{"line":17,"column":0},"end":{"line":17,"column":3}}},"s":{"0":1,"1":1,"2":1,"3":1,"4":1,"5":1,"7":1,"8":1,"9":1,"10":1,"11":1,"12":1,"13":1,"14":1,"15":3,"16":1},"branchMap":{"0":{"type":"branch","line":15,"loc":{"start":{"line":15,"column":14},"end":{"line":16,"column":74}},"locations":[{"start":{"line":15,"column":14},"end":{"line":16,"column":74}}]}},"b":{"0":[3]},"fnMap":{"0":{"name":"middleware","decl":{"start":{"line":15,"column":14},"end":{"line":16,"column":74}},"loc":{"start":{"line":15,"column":14},"end":{"line":16,"column":74}},"line":15}},"f":{"0":3}}
,"C:\\Users\\admin\\Desktop\\REACT+TS\\REACT2024Q3\\src\\components\\AnimalDetails.tsx": {"path":"C:\\Users\\admin\\Desktop\\REACT+TS\\REACT2024Q3\\src\\components\\AnimalDetails.tsx","all":false,"statementMap":{"0":{"start":{"line":1,"column":0},"end":{"line":1,"column":51}},"1":{"start":{"line":2,"column":0},"end":{"line":2,"column":42}},"2":{"start":{"line":3,"column":0},"end":{"line":3,"column":45}},"3":{"start":{"line":4,"column":0},"end":{"line":4,"column":64}},"4":{"start":{"line":5,"column":0},"end":{"line":5,"column":40}},"6":{"start":{"line":7,"column":0},"end":{"line":7,"column":20}},"7":{"start":{"line":8,"column":0},"end":{"line":8,"column":45}},"8":{"start":{"line":9,"column":0},"end":{"line":9,"column":51}},"10":{"start":{"line":11,"column":0},"end":{"line":11,"column":39}},"11":{"start":{"line":12,"column":0},"end":{"line":12,"column":45}},"12":{"start":{"line":13,"column":0},"end":{"line":13,"column":56}},"13":{"start":{"line":14,"column":0},"end":{"line":14,"column":65}},"14":{"start":{"line":15,"column":0},"end":{"line":15,"column":79}},"15":{"start":{"line":16,"column":0},"end":{"line":16,"column":31}},"16":{"start":{"line":17,"column":0},"end":{"line":17,"column":43}},"17":{"start":{"line":18,"column":0},"end":{"line":18,"column":54}},"18":{"start":{"line":19,"column":0},"end":{"line":19,"column":34}},"19":{"start":{"line":20,"column":0},"end":{"line":20,"column":55}},"20":{"start":{"line":21,"column":0},"end":{"line":21,"column":4}},"22":{"start":{"line":23,"column":0},"end":{"line":23,"column":19}},"23":{"start":{"line":24,"column":0},"end":{"line":24,"column":15}},"24":{"start":{"line":25,"column":0},"end":{"line":25,"column":43}},"25":{"start":{"line":26,"column":0},"end":{"line":26,"column":75}},"26":{"start":{"line":27,"column":0},"end":{"line":27,"column":75}},"27":{"start":{"line":28,"column":0},"end":{"line":28,"column":62}},"28":{"start":{"line":29,"column":0},"end":{"line":29,"column":64}},"29":{"start":{"line":30,"column":0},"end":{"line":30,"column":64}},"31":{"start":{"line":32,"column":0},"end":{"line":32,"column":41}},"32":{"start":{"line":33,"column":0},"end":{"line":33,"column":61}},"33":{"start":{"line":34,"column":0},"end":{"line":34,"column":7}},"35":{"start":{"line":36,"column":0},"end":{"line":36,"column":39}},"36":{"start":{"line":37,"column":0},"end":{"line":37,"column":5}},"37":{"start":{"line":38,"column":0},"end":{"line":38,"column":13}},"39":{"start":{"line":40,"column":0},"end":{"line":40,"column":46}},"40":{"start":{"line":41,"column":0},"end":{"line":41,"column":60}},"42":{"start":{"line":43,"column":0},"end":{"line":43,"column":10}},"43":{"start":{"line":44,"column":0},"end":{"line":44,"column":36}},"44":{"start":{"line":45,"column":0},"end":{"line":45,"column":15}},"45":{"start":{"line":46,"column":0},"end":{"line":46,"column":13}},"46":{"start":{"line":47,"column":0},"end":{"line":47,"column":37}},"47":{"start":{"line":48,"column":0},"end":{"line":48,"column":42}},"48":{"start":{"line":49,"column":0},"end":{"line":49,"column":15}},"49":{"start":{"line":50,"column":0},"end":{"line":50,"column":61}},"50":{"start":{"line":51,"column":0},"end":{"line":51,"column":62}},"51":{"start":{"line":52,"column":0},"end":{"line":52,"column":11}},"53":{"start":{"line":54,"column":0},"end":{"line":54,"column":17}},"54":{"start":{"line":55,"column":0},"end":{"line":55,"column":14}},"56":{"start":{"line":57,"column":0},"end":{"line":57,"column":35}},"58":{"start":{"line":59,"column":0},"end":{"line":59,"column":10}},"60":{"start":{"line":61,"column":0},"end":{"line":61,"column":2}},"62":{"start":{"line":63,"column":0},"end":{"line":63,"column":29}}},"s":{"0":1,"1":1,"2":1,"3":1,"4":1,"6":1,"7":1,"8":1,"10":1,"11":6,"12":6,"13":6,"14":6,"15":6,"16":6,"17":6,"18":6,"19":6,"20":6,"22":6,"23":4,"24":2,"25":2,"26":2,"27":2,"28":2,"29":2,"31":2,"32":1,"33":1,"35":2,"36":2,"37":6,"39":6,"40":6,"42":4,"43":4,"44":4,"45":4,"46":4,"47":4,"48":4,"49":4,"50":4,"51":4,"53":4,"54":4,"56":0,"58":6,"60":6,"62":1},"branchMap":{"0":{"type":"branch","line":11,"loc":{"start":{"line":11,"column":32},"end":{"line":61,"column":2}},"locations":[{"start":{"line":11,"column":32},"end":{"line":61,"column":2}}]},"1":{"type":"branch","line":40,"loc":{"start":{"line":40,"column":17},"end":{"line":40,"column":46}},"locations":[{"start":{"line":40,"column":17},"end":{"line":40,"column":46}}]},"2":{"type":"branch","line":40,"loc":{"start":{"line":40,"column":39},"end":{"line":41,"column":20}},"locations":[{"start":{"line":40,"column":39},"end":{"line":41,"column":20}}]},"3":{"type":"branch","line":41,"loc":{"start":{"line":41,"column":13},"end":{"line":41,"column":60}},"locations":[{"start":{"line":41,"column":13},"end":{"line":41,"column":60}}]},"4":{"type":"branch","line":41,"loc":{"start":{"line":41,"column":53},"end":{"line":55,"column":14}},"locations":[{"start":{"line":41,"column":53},"end":{"line":55,"column":14}}]},"5":{"type":"branch","line":51,"loc":{"start":{"line":51,"column":23},"end":{"line":51,"column":49}},"locations":[{"start":{"line":51,"column":23},"end":{"line":51,"column":49}}]},"6":{"type":"branch","line":55,"loc":{"start":{"line":55,"column":8},"end":{"line":57,"column":35}},"locations":[{"start":{"line":55,"column":8},"end":{"line":57,"column":35}}]},"7":{"type":"branch","line":23,"loc":{"start":{"line":23,"column":12},"end":{"line":38,"column":5}},"locations":[{"start":{"line":23,"column":12},"end":{"line":38,"column":5}}]},"8":{"type":"branch","line":24,"loc":{"start":{"line":24,"column":14},"end":{"line":37,"column":5}},"locations":[{"start":{"line":24,"column":14},"end":{"line":37,"column":5}}]},"9":{"type":"branch","line":26,"loc":{"start":{"line":26,"column":35},"end":{"line":26,"column":75}},"locations":[{"start":{"line":26,"column":35},"end":{"line":26,"column":75}}]},"10":{"type":"branch","line":27,"loc":{"start":{"line":27,"column":35},"end":{"line":27,"column":75}},"locations":[{"start":{"line":27,"column":35},"end":{"line":27,"column":75}}]},"11":{"type":"branch","line":28,"loc":{"start":{"line":28,"column":29},"end":{"line":28,"column":62}},"locations":[{"start":{"line":28,"column":29},"end":{"line":28,"column":62}}]},"12":{"type":"branch","line":29,"loc":{"start":{"line":29,"column":30},"end":{"line":29,"column":64}},"locations":[{"start":{"line":29,"column":30},"end":{"line":29,"column":64}}]},"13":{"type":"branch","line":30,"loc":{"start":{"line":30,"column":30},"end":{"line":30,"column":64}},"locations":[{"start":{"line":30,"column":30},"end":{"line":30,"column":64}}]},"14":{"type":"branch","line":32,"loc":{"start":{"line":32,"column":40},"end":{"line":34,"column":7}},"locations":[{"start":{"line":32,"column":40},"end":{"line":34,"column":7}}]}},"b":{"0":[6],"1":[1],"2":[5],"3":[1],"4":[4],"5":[0],"6":[0],"7":[4],"8":[2],"9":[1],"10":[0],"11":[0],"12":[0],"13":[0],"14":[1]},"fnMap":{"0":{"name":"AnimalDetails","decl":{"start":{"line":11,"column":32},"end":{"line":61,"column":2}},"loc":{"start":{"line":11,"column":32},"end":{"line":61,"column":2}},"line":11}},"f":{"0":6}}
,"C:\\Users\\admin\\Desktop\\REACT+TS\\REACT2024Q3\\src\\components\\Checkbox.tsx": {"path":"C:\\Users\\admin\\Desktop\\REACT+TS\\REACT2024Q3\\src\\components\\Checkbox.tsx","all":false,"statementMap":{"0":{"start":{"line":1,"column":0},"end":{"line":1,"column":26}},"1":{"start":{"line":2,"column":0},"end":{"line":2,"column":55}},"3":{"start":{"line":4,"column":0},"end":{"line":4,"column":58}},"10":{"start":{"line":11,"column":0},"end":{"line":11,"column":57}},"11":{"start":{"line":12,"column":0},"end":{"line":12,"column":33}},"12":{"start":{"line":13,"column":0},"end":{"line":13,"column":36}},"13":{"start":{"line":14,"column":0},"end":{"line":14,"column":52}},"14":{"start":{"line":15,"column":0},"end":{"line":15,"column":4}},"16":{"start":{"line":17,"column":0},"end":{"line":17,"column":80}},"18":{"start":{"line":19,"column":0},"end":{"line":19,"column":30}},"19":{"start":{"line":20,"column":0},"end":{"line":20,"column":31}},"20":{"start":{"line":21,"column":0},"end":{"line":21,"column":4}},"22":{"start":{"line":23,"column":0},"end":{"line":23,"column":10}},"23":{"start":{"line":24,"column":0},"end":{"line":24,"column":10}},"24":{"start":{"line":25,"column":0},"end":{"line":25,"column":32}},"25":{"start":{"line":26,"column":0},"end":{"line":26,"column":21}},"26":{"start":{"line":27,"column":0},"end":{"line":27,"column":25}},"27":{"start":{"line":28,"column":0},"end":{"line":28,"column":29}},"28":{"start":{"line":29,"column":0},"end":{"line":29,"column":6}},"30":{"start":{"line":31,"column":0},"end":{"line":31,"column":2}},"32":{"start":{"line":33,"column":0},"end":{"line":33,"column":24}}},"s":{"0":1,"1":1,"3":1,"10":1,"11":4,"12":4,"13":4,"14":4,"16":4,"18":4,"19":1,"20":1,"22":4,"23":4,"24":4,"25":4,"26":4,"27":4,"28":4,"30":4,"32":1},"branchMap":{"0":{"type":"branch","line":11,"loc":{"start":{"line":11,"column":42},"end":{"line":31,"column":2}},"locations":[{"start":{"line":11,"column":42},"end":{"line":31,"column":2}}]},"1":{"type":"branch","line":14,"loc":{"start":{"line":14,"column":4},"end":{"line":14,"column":52}},"locations":[{"start":{"line":14,"column":4},"end":{"line":14,"column":52}}]},"2":{"type":"branch","line":17,"loc":{"start":{"line":17,"column":39},"end":{"line":17,"column":78}},"locations":[{"start":{"line":17,"column":39},"end":{"line":17,"column":78}}]},"3":{"type":"branch","line":19,"loc":{"start":{"line":19,"column":23},"end":{"line":21,"column":4}},"locations":[{"start":{"line":19,"column":23},"end":{"line":21,"column":4}}]}},"b":{"0":[4],"1":[2],"2":[1],"3":[1]},"fnMap":{"0":{"name":"Checkbox","decl":{"start":{"line":11,"column":42},"end":{"line":31,"column":2}},"loc":{"start":{"line":11,"column":42},"end":{"line":31,"column":2}},"line":11},"1":{"name":"handleChange","decl":{"start":{"line":19,"column":23},"end":{"line":21,"column":4}},"loc":{"start":{"line":19,"column":23},"end":{"line":21,"column":4}},"line":19}},"f":{"0":4,"1":1}}
,"C:\\Users\\admin\\Desktop\\REACT+TS\\REACT2024Q3\\src\\components\\ErrorBoundary.tsx": {"path":"C:\\Users\\admin\\Desktop\\REACT+TS\\REACT2024Q3\\src\\components\\ErrorBoundary.tsx","all":false,"statementMap":{"0":{"start":{"line":1,"column":0},"end":{"line":1,"column":63}},"1":{"start":{"line":2,"column":0},"end":{"line":2,"column":45}},"11":{"start":{"line":12,"column":0},"end":{"line":12,"column":79}},"12":{"start":{"line":13,"column":0},"end":{"line":13,"column":42}},"13":{"start":{"line":14,"column":0},"end":{"line":14,"column":17}},"14":{"start":{"line":15,"column":0},"end":{"line":15,"column":37}},"15":{"start":{"line":16,"column":0},"end":{"line":16,"column":3}},"17":{"start":{"line":18,"column":0},"end":{"line":18,"column":57}},"18":{"start":{"line":19,"column":0},"end":{"line":19,"column":30}},"19":{"start":{"line":20,"column":0},"end":{"line":20,"column":3}},"21":{"start":{"line":22,"column":0},"end":{"line":22,"column":63}},"22":{"start":{"line":23,"column":0},"end":{"line":23,"column":70}},"23":{"start":{"line":24,"column":0},"end":{"line":24,"column":3}},"25":{"start":{"line":26,"column":0},"end":{"line":26,"column":30}},"26":{"start":{"line":27,"column":0},"end":{"line":27,"column":39}},"27":{"start":{"line":28,"column":0},"end":{"line":28,"column":4}},"29":{"start":{"line":30,"column":0},"end":{"line":30,"column":12}},"30":{"start":{"line":31,"column":0},"end":{"line":31,"column":30}},"31":{"start":{"line":32,"column":0},"end":{"line":32,"column":31}},"32":{"start":{"line":33,"column":0},"end":{"line":33,"column":5}},"34":{"start":{"line":35,"column":0},"end":{"line":35,"column":31}},"35":{"start":{"line":36,"column":0},"end":{"line":36,"column":3}},"36":{"start":{"line":37,"column":0},"end":{"line":37,"column":1}},"38":{"start":{"line":39,"column":0},"end":{"line":39,"column":39}},"39":{"start":{"line":40,"column":0},"end":{"line":40,"column":31}},"41":{"start":{"line":42,"column":0},"end":{"line":42,"column":10}},"42":{"start":{"line":43,"column":0},"end":{"line":43,"column":78}},"43":{"start":{"line":44,"column":0},"end":{"line":44,"column":38}},"44":{"start":{"line":45,"column":0},"end":{"line":45,"column":71}},"45":{"start":{"line":46,"column":0},"end":{"line":46,"column":10}},"47":{"start":{"line":48,"column":0},"end":{"line":48,"column":2}},"49":{"start":{"line":50,"column":0},"end":{"line":50,"column":29}}},"s":{"0":1,"1":1,"11":4,"12":4,"13":5,"14":5,"15":5,"17":4,"18":2,"19":2,"21":4,"22":1,"23":1,"25":4,"26":0,"27":0,"29":4,"30":6,"31":2,"32":2,"34":4,"35":6,"36":4,"38":1,"39":2,"41":2,"42":2,"43":2,"44":2,"45":2,"47":2,"49":1},"branchMap":{"0":{"type":"branch","line":12,"loc":{"start":{"line":12,"column":0},"end":{"line":37,"column":1}},"locations":[{"start":{"line":12,"column":0},"end":{"line":37,"column":1}}]},"1":{"type":"branch","line":13,"loc":{"start":{"line":13,"column":2},"end":{"line":16,"column":3}},"locations":[{"start":{"line":13,"column":2},"end":{"line":16,"column":3}}]},"2":{"type":"branch","line":18,"loc":{"start":{"line":18,"column":9},"end":{"line":20,"column":3}},"locations":[{"start":{"line":18,"column":9},"end":{"line":20,"column":3}}]},"3":{"type":"branch","line":22,"loc":{"start":{"line":22,"column":2},"end":{"line":24,"column":3}},"locations":[{"start":{"line":22,"column":2},"end":{"line":24,"column":3}}]},"4":{"type":"branch","line":30,"loc":{"start":{"line":30,"column":2},"end":{"line":36,"column":3}},"locations":[{"start":{"line":30,"column":2},"end":{"line":36,"column":3}}]},"5":{"type":"branch","line":31,"loc":{"start":{"line":31,"column":29},"end":{"line":35,"column":31}},"locations":[{"start":{"line":31,"column":29},"end":{"line":35,"column":31}}]},"6":{"type":"branch","line":31,"loc":{"start":{"line":31,"column":29},"end":{"line":33,"column":5}},"locations":[{"start":{"line":31,"column":29},"end":{"line":33,"column":5}}]},"7":{"type":"branch","line":39,"loc":{"start":{"line":39,"column":32},"end":{"line":48,"column":2}},"locations":[{"start":{"line":39,"column":32},"end":{"line":48,"column":2}}]},"8":{"type":"branch","line":43,"loc":{"start":{"line":43,"column":20},"end":{"line":43,"column":55}},"locations":[{"start":{"line":43,"column":20},"end":{"line":43,"column":55}}]}},"b":{"0":[4],"1":[5],"2":[2],"3":[1],"4":[6],"5":[4],"6":[2],"7":[2],"8":[0]},"fnMap":{"0":{"name":"<instance_members_initializer>","decl":{"start":{"line":12,"column":0},"end":{"line":37,"column":1}},"loc":{"start":{"line":12,"column":0},"end":{"line":37,"column":1}},"line":12},"1":{"name":"ErrorBoundary","decl":{"start":{"line":13,"column":2},"end":{"line":16,"column":3}},"loc":{"start":{"line":13,"column":2},"end":{"line":16,"column":3}},"line":13},"2":{"name":"getDerivedStateFromError","decl":{"start":{"line":18,"column":9},"end":{"line":20,"column":3}},"loc":{"start":{"line":18,"column":9},"end":{"line":20,"column":3}},"line":18},"3":{"name":"componentDidCatch","decl":{"start":{"line":22,"column":2},"end":{"line":24,"column":3}},"loc":{"start":{"line":22,"column":2},"end":{"line":24,"column":3}},"line":22},"4":{"name":"handleRestartClick","decl":{"start":{"line":26,"column":23},"end":{"line":28,"column":4}},"loc":{"start":{"line":26,"column":23},"end":{"line":28,"column":4}},"line":26},"5":{"name":"render","decl":{"start":{"line":30,"column":2},"end":{"line":36,"column":3}},"loc":{"start":{"line":30,"column":2},"end":{"line":36,"column":3}},"line":30},"6":{"name":"ErrorFallback","decl":{"start":{"line":39,"column":32},"end":{"line":48,"column":2}},"loc":{"start":{"line":39,"column":32},"end":{"line":48,"column":2}},"line":39},"7":{"name":"onClick","decl":{"start":{"line":45,"column":23},"end":{"line":45,"column":55}},"loc":{"start":{"line":45,"column":23},"end":{"line":45,"column":55}},"line":45}},"f":{"0":4,"1":5,"2":2,"3":1,"4":0,"5":6,"6":2,"7":0}}
,"C:\\Users\\admin\\Desktop\\REACT+TS\\REACT2024Q3\\src\\components\\Flyout.tsx": {"path":"C:\\Users\\admin\\Desktop\\REACT+TS\\REACT2024Q3\\src\\components\\Flyout.tsx","all":false,"statementMap":{"0":{"start":{"line":1,"column":0},"end":{"line":1,"column":26}},"1":{"start":{"line":2,"column":0},"end":{"line":2,"column":55}},"3":{"start":{"line":4,"column":0},"end":{"line":4,"column":59}},"4":{"start":{"line":5,"column":0},"end":{"line":5,"column":43}},"5":{"start":{"line":6,"column":0},"end":{"line":6,"column":45}},"7":{"start":{"line":8,"column":0},"end":{"line":8,"column":32}},"8":{"start":{"line":9,"column":0},"end":{"line":9,"column":31}},"9":{"start":{"line":10,"column":0},"end":{"line":10,"column":33}},"10":{"start":{"line":11,"column":0},"end":{"line":11,"column":36}},"11":{"start":{"line":12,"column":0},"end":{"line":12,"column":52}},"12":{"start":{"line":13,"column":0},"end":{"line":13,"column":4}},"14":{"start":{"line":15,"column":0},"end":{"line":15,"column":35}},"15":{"start":{"line":16,"column":0},"end":{"line":16,"column":28}},"16":{"start":{"line":17,"column":0},"end":{"line":17,"column":4}},"18":{"start":{"line":19,"column":0},"end":{"line":19,"column":32}},"19":{"start":{"line":20,"column":0},"end":{"line":20,"column":31}},"20":{"start":{"line":21,"column":0},"end":{"line":21,"column":4}},"22":{"start":{"line":23,"column":0},"end":{"line":23,"column":10}},"23":{"start":{"line":24,"column":0},"end":{"line":24,"column":64}},"24":{"start":{"line":25,"column":0},"end":{"line":25,"column":62}},"25":{"start":{"line":26,"column":0},"end":{"line":26,"column":63}},"26":{"start":{"line":27,"column":0},"end":{"line":27,"column":56}},"27":{"start":{"line":28,"column":0},"end":{"line":28,"column":10}},"29":{"start":{"line":30,"column":0},"end":{"line":30,"column":2}},"31":{"start":{"line":32,"column":0},"end":{"line":32,"column":22}}},"s":{"0":1,"1":1,"3":1,"4":1,"5":1,"7":1,"8":1,"9":1,"10":1,"11":1,"12":1,"14":1,"15":0,"16":0,"18":1,"19":0,"20":0,"22":1,"23":1,"24":1,"25":1,"26":1,"27":1,"29":1,"31":1},"branchMap":{"0":{"type":"branch","line":8,"loc":{"start":{"line":8,"column":25},"end":{"line":30,"column":2}},"locations":[{"start":{"line":8,"column":25},"end":{"line":30,"column":2}}]},"1":{"type":"branch","line":24,"loc":{"start":{"line":24,"column":32},"end":{"line":24,"column":64}},"locations":[{"start":{"line":24,"column":32},"end":{"line":24,"column":64}}]},"2":{"type":"branch","line":12,"loc":{"start":{"line":12,"column":4},"end":{"line":12,"column":52}},"locations":[{"start":{"line":12,"column":4},"end":{"line":12,"column":52}}]}},"b":{"0":[1],"1":[0],"2":[2]},"fnMap":{"0":{"name":"Flyout","decl":{"start":{"line":8,"column":25},"end":{"line":30,"column":2}},"loc":{"start":{"line":8,"column":25},"end":{"line":30,"column":2}},"line":8},"1":{"name":"handleUnselectAll","decl":{"start":{"line":15,"column":28},"end":{"line":17,"column":4}},"loc":{"start":{"line":15,"column":28},"end":{"line":17,"column":4}},"line":15},"2":{"name":"handleDownload","decl":{"start":{"line":19,"column":25},"end":{"line":21,"column":4}},"loc":{"start":{"line":19,"column":25},"end":{"line":21,"column":4}},"line":19}},"f":{"0":1,"1":0,"2":0}}
,"C:\\Users\\admin\\Desktop\\REACT+TS\\REACT2024Q3\\src\\components\\Home.tsx": {"path":"C:\\Users\\admin\\Desktop\\REACT+TS\\REACT2024Q3\\src\\components\\Home.tsx","all":false,"statementMap":{"0":{"start":{"line":1,"column":0},"end":{"line":1,"column":26}},"1":{"start":{"line":2,"column":0},"end":{"line":2,"column":61}},"2":{"start":{"line":3,"column":0},"end":{"line":3,"column":55}},"3":{"start":{"line":4,"column":0},"end":{"line":4,"column":59}},"4":{"start":{"line":5,"column":0},"end":{"line":5,"column":61}},"6":{"start":{"line":7,"column":0},"end":{"line":7,"column":67}},"7":{"start":{"line":8,"column":0},"end":{"line":8,"column":30}},"8":{"start":{"line":9,"column":0},"end":{"line":9,"column":44}},"9":{"start":{"line":10,"column":0},"end":{"line":10,"column":38}},"10":{"start":{"line":11,"column":0},"end":{"line":11,"column":30}},"11":{"start":{"line":12,"column":0},"end":{"line":12,"column":20}},"12":{"start":{"line":13,"column":0},"end":{"line":13,"column":33}},"14":{"start":{"line":15,"column":0},"end":{"line":15,"column":20}},"15":{"start":{"line":16,"column":0},"end":{"line":16,"column":31}},"16":{"start":{"line":17,"column":0},"end":{"line":17,"column":39}},"17":{"start":{"line":18,"column":0},"end":{"line":18,"column":64}},"18":{"start":{"line":19,"column":0},"end":{"line":19,"column":33}},"19":{"start":{"line":20,"column":0},"end":{"line":20,"column":36}},"20":{"start":{"line":21,"column":0},"end":{"line":21,"column":52}},"21":{"start":{"line":22,"column":0},"end":{"line":22,"column":4}},"22":{"start":{"line":23,"column":0},"end":{"line":23,"column":34}},"23":{"start":{"line":24,"column":0},"end":{"line":24,"column":55}},"24":{"start":{"line":25,"column":0},"end":{"line":25,"column":4}},"25":{"start":{"line":26,"column":0},"end":{"line":26,"column":33}},"26":{"start":{"line":27,"column":0},"end":{"line":27,"column":54}},"27":{"start":{"line":28,"column":0},"end":{"line":28,"column":4}},"28":{"start":{"line":29,"column":0},"end":{"line":29,"column":79}},"29":{"start":{"line":30,"column":0},"end":{"line":30,"column":60}},"30":{"start":{"line":31,"column":0},"end":{"line":31,"column":69}},"31":{"start":{"line":32,"column":0},"end":{"line":32,"column":52}},"33":{"start":{"line":34,"column":0},"end":{"line":34,"column":25}},"34":{"start":{"line":35,"column":0},"end":{"line":35,"column":47}},"35":{"start":{"line":36,"column":0},"end":{"line":36,"column":34}},"36":{"start":{"line":37,"column":0},"end":{"line":37,"column":28}},"38":{"start":{"line":39,"column":0},"end":{"line":39,"column":42}},"39":{"start":{"line":40,"column":0},"end":{"line":40,"column":34}},"40":{"start":{"line":41,"column":0},"end":{"line":41,"column":32}},"41":{"start":{"line":42,"column":0},"end":{"line":42,"column":17}},"42":{"start":{"line":43,"column":0},"end":{"line":43,"column":5}},"44":{"start":{"line":45,"column":0},"end":{"line":45,"column":25}},"45":{"start":{"line":46,"column":0},"end":{"line":46,"column":15}},"46":{"start":{"line":47,"column":0},"end":{"line":47,"column":52}},"47":{"start":{"line":48,"column":0},"end":{"line":48,"column":5}},"48":{"start":{"line":49,"column":0},"end":{"line":49,"column":23}},"50":{"start":{"line":51,"column":0},"end":{"line":51,"column":42}},"51":{"start":{"line":52,"column":0},"end":{"line":52,"column":49}},"52":{"start":{"line":53,"column":0},"end":{"line":53,"column":25}},"53":{"start":{"line":54,"column":0},"end":{"line":54,"column":4}},"55":{"start":{"line":56,"column":0},"end":{"line":56,"column":40}},"56":{"start":{"line":57,"column":0},"end":{"line":57,"column":29}},"57":{"start":{"line":58,"column":0},"end":{"line":58,"column":4}},"59":{"start":{"line":60,"column":0},"end":{"line":60,"column":24}},"60":{"start":{"line":61,"column":0},"end":{"line":61,"column":34}},"61":{"start":{"line":62,"column":0},"end":{"line":62,"column":3}},"63":{"start":{"line":64,"column":0},"end":{"line":64,"column":10}},"64":{"start":{"line":65,"column":0},"end":{"line":65,"column":74}},"65":{"start":{"line":66,"column":0},"end":{"line":66,"column":60}},"66":{"start":{"line":67,"column":0},"end":{"line":67,"column":54}},"67":{"start":{"line":68,"column":0},"end":{"line":68,"column":15}},"68":{"start":{"line":69,"column":0},"end":{"line":69,"column":79}},"69":{"start":{"line":70,"column":0},"end":{"line":70,"column":37}},"70":{"start":{"line":71,"column":0},"end":{"line":71,"column":44}},"71":{"start":{"line":72,"column":0},"end":{"line":72,"column":14}},"72":{"start":{"line":73,"column":0},"end":{"line":73,"column":41}},"73":{"start":{"line":74,"column":0},"end":{"line":74,"column":40}},"74":{"start":{"line":75,"column":0},"end":{"line":75,"column":26}},"75":{"start":{"line":76,"column":0},"end":{"line":76,"column":48}},"76":{"start":{"line":77,"column":0},"end":{"line":77,"column":53}},"77":{"start":{"line":78,"column":0},"end":{"line":78,"column":20}},"79":{"start":{"line":80,"column":0},"end":{"line":80,"column":62}},"81":{"start":{"line":82,"column":0},"end":{"line":82,"column":40}},"82":{"start":{"line":83,"column":0},"end":{"line":83,"column":78}},"83":{"start":{"line":84,"column":0},"end":{"line":84,"column":18}},"84":{"start":{"line":85,"column":0},"end":{"line":85,"column":16}},"85":{"start":{"line":86,"column":0},"end":{"line":86,"column":41}},"86":{"start":{"line":87,"column":0},"end":{"line":87,"column":22}},"87":{"start":{"line":88,"column":0},"end":{"line":88,"column":16}},"88":{"start":{"line":89,"column":0},"end":{"line":89,"column":14}},"89":{"start":{"line":90,"column":0},"end":{"line":90,"column":74}},"91":{"start":{"line":92,"column":0},"end":{"line":92,"column":17}},"92":{"start":{"line":93,"column":0},"end":{"line":93,"column":12}},"93":{"start":{"line":94,"column":0},"end":{"line":94,"column":46}},"94":{"start":{"line":95,"column":0},"end":{"line":95,"column":10}},"96":{"start":{"line":97,"column":0},"end":{"line":97,"column":2}},"98":{"start":{"line":99,"column":0},"end":{"line":99,"column":20}}},"s":{"0":1,"1":1,"2":1,"3":1,"4":1,"6":1,"7":1,"8":1,"9":1,"10":1,"11":1,"12":1,"14":1,"15":2,"16":2,"17":2,"18":2,"19":2,"20":2,"21":2,"22":2,"23":2,"24":2,"25":2,"26":2,"27":2,"28":2,"29":2,"30":2,"31":2,"33":2,"34":1,"35":1,"36":2,"38":2,"39":2,"40":2,"41":2,"42":2,"44":2,"45":1,"46":0,"47":0,"48":2,"50":2,"51":0,"52":0,"53":0,"55":2,"56":0,"57":0,"59":2,"60":0,"61":0,"63":2,"64":2,"65":2,"66":2,"67":2,"68":2,"69":2,"70":2,"71":2,"72":2,"73":2,"74":2,"75":1,"76":1,"77":1,"79":1,"81":2,"82":2,"83":2,"84":2,"85":2,"86":2,"87":2,"88":2,"89":2,"91":2,"92":2,"93":2,"94":2,"96":2,"98":1},"branchMap":{"0":{"type":"branch","line":15,"loc":{"start":{"line":15,"column":13},"end":{"line":97,"column":2}},"locations":[{"start":{"line":15,"column":13},"end":{"line":97,"column":2}}]},"1":{"type":"branch","line":60,"loc":{"start":{"line":60,"column":23},"end":{"line":62,"column":3}},"locations":[{"start":{"line":60,"column":23},"end":{"line":62,"column":3}}]},"2":{"type":"branch","line":65,"loc":{"start":{"line":65,"column":20},"end":{"line":65,"column":53}},"locations":[{"start":{"line":65,"column":20},"end":{"line":65,"column":53}}]},"3":{"type":"branch","line":67,"loc":{"start":{"line":67,"column":9},"end":{"line":67,"column":39}},"locations":[{"start":{"line":67,"column":9},"end":{"line":67,"column":39}}]},"4":{"type":"branch","line":69,"loc":{"start":{"line":69,"column":41},"end":{"line":69,"column":66}},"locations":[{"start":{"line":69,"column":41},"end":{"line":69,"column":66}}]},"5":{"type":"branch","line":75,"loc":{"start":{"line":75,"column":13},"end":{"line":78,"column":20}},"locations":[{"start":{"line":75,"column":13},"end":{"line":78,"column":20}}]},"6":{"type":"branch","line":78,"loc":{"start":{"line":78,"column":14},"end":{"line":80,"column":62}},"locations":[{"start":{"line":78,"column":14},"end":{"line":80,"column":62}}]},"7":{"type":"branch","line":80,"loc":{"start":{"line":80,"column":14},"end":{"line":80,"column":62}},"locations":[{"start":{"line":80,"column":14},"end":{"line":80,"column":62}}]},"8":{"type":"branch","line":94,"loc":{"start":{"line":94,"column":30},"end":{"line":94,"column":46}},"locations":[{"start":{"line":94,"column":30},"end":{"line":94,"column":46}}]},"9":{"type":"branch","line":21,"loc":{"start":{"line":21,"column":4},"end":{"line":21,"column":52}},"locations":[{"start":{"line":21,"column":4},"end":{"line":21,"column":52}}]},"10":{"type":"branch","line":24,"loc":{"start":{"line":24,"column":4},"end":{"line":24,"column":55}},"locations":[{"start":{"line":24,"column":4},"end":{"line":24,"column":55}}]},"11":{"type":"branch","line":27,"loc":{"start":{"line":27,"column":4},"end":{"line":27,"column":54}},"locations":[{"start":{"line":27,"column":4},"end":{"line":27,"column":54}}]},"12":{"type":"branch","line":29,"loc":{"start":{"line":29,"column":32},"end":{"line":29,"column":77}},"locations":[{"start":{"line":29,"column":32},"end":{"line":29,"column":77}}]},"13":{"type":"branch","line":34,"loc":{"start":{"line":34,"column":18},"end":{"line":37,"column":5}},"locations":[{"start":{"line":34,"column":18},"end":{"line":37,"column":5}}]},"14":{"type":"branch","line":45,"loc":{"start":{"line":45,"column":18},"end":{"line":49,"column":5}},"locations":[{"start":{"line":45,"column":18},"end":{"line":49,"column":5}}]},"15":{"type":"branch","line":46,"loc":{"start":{"line":46,"column":14},"end":{"line":48,"column":5}},"locations":[{"start":{"line":46,"column":14},"end":{"line":48,"column":5}}]}},"b":{"0":[2],"1":[0],"2":[0],"3":[0],"4":[0],"5":[1],"6":[1],"7":[0],"8":[0],"9":[6],"10":[6],"11":[6],"12":[6],"13":[1],"14":[1],"15":[0]},"fnMap":{"0":{"name":"Home","decl":{"start":{"line":15,"column":13},"end":{"line":97,"column":2}},"loc":{"start":{"line":15,"column":13},"end":{"line":97,"column":2}},"line":15},"1":{"name":"handleSearch","decl":{"start":{"line":51,"column":23},"end":{"line":54,"column":4}},"loc":{"start":{"line":51,"column":23},"end":{"line":54,"column":4}},"line":51},"2":{"name":"handleErrorButtonClick","decl":{"start":{"line":56,"column":33},"end":{"line":58,"column":4}},"loc":{"start":{"line":56,"column":33},"end":{"line":58,"column":4}},"line":56}},"f":{"0":2,"1":0,"2":0}}
,"C:\\Users\\admin\\Desktop\\REACT+TS\\REACT2024Q3\\src\\components\\NotFound.tsx": {"path":"C:\\Users\\admin\\Desktop\\REACT+TS\\REACT2024Q3\\src\\components\\NotFound.tsx","all":false,"statementMap":{"0":{"start":{"line":1,"column":0},"end":{"line":1,"column":26}},"1":{"start":{"line":2,"column":0},"end":{"line":2,"column":45}},"3":{"start":{"line":4,"column":0},"end":{"line":4,"column":34}},"4":{"start":{"line":5,"column":0},"end":{"line":5,"column":31}},"5":{"start":{"line":6,"column":0},"end":{"line":6,"column":10}},"6":{"start":{"line":7,"column":0},"end":{"line":7,"column":68}},"7":{"start":{"line":8,"column":0},"end":{"line":8,"column":31}},"8":{"start":{"line":9,"column":0},"end":{"line":9,"column":57}},"9":{"start":{"line":10,"column":0},"end":{"line":10,"column":10}},"11":{"start":{"line":12,"column":0},"end":{"line":12,"column":2}},"13":{"start":{"line":14,"column":0},"end":{"line":14,"column":24}}},"s":{"0":1,"1":1,"3":1,"4":1,"5":1,"6":1,"7":1,"8":1,"9":1,"11":1,"13":1},"branchMap":{"0":{"type":"branch","line":4,"loc":{"start":{"line":4,"column":27},"end":{"line":12,"column":2}},"locations":[{"start":{"line":4,"column":27},"end":{"line":12,"column":2}}]},"1":{"type":"branch","line":7,"loc":{"start":{"line":7,"column":20},"end":{"line":7,"column":50}},"locations":[{"start":{"line":7,"column":20},"end":{"line":7,"column":50}}]}},"b":{"0":[1],"1":[0]},"fnMap":{"0":{"name":"NotFound","decl":{"start":{"line":4,"column":27},"end":{"line":12,"column":2}},"loc":{"start":{"line":4,"column":27},"end":{"line":12,"column":2}},"line":4}},"f":{"0":1}}
,"C:\\Users\\admin\\Desktop\\REACT+TS\\REACT2024Q3\\src\\components\\Pagination.tsx": {"path":"C:\\Users\\admin\\Desktop\\REACT+TS\\REACT2024Q3\\src\\components\\Pagination.tsx","all":false,"statementMap":{"0":{"start":{"line":1,"column":0},"end":{"line":1,"column":26}},"1":{"start":{"line":2,"column":0},"end":{"line":2,"column":57}},"2":{"start":{"line":3,"column":0},"end":{"line":3,"column":45}},"9":{"start":{"line":10,"column":0},"end":{"line":10,"column":80}},"10":{"start":{"line":11,"column":0},"end":{"line":11,"column":43}},"11":{"start":{"line":12,"column":0},"end":{"line":12,"column":54}},"12":{"start":{"line":13,"column":0},"end":{"line":13,"column":31}},"14":{"start":{"line":15,"column":0},"end":{"line":15,"column":10}},"15":{"start":{"line":16,"column":0},"end":{"line":16,"column":32}},"16":{"start":{"line":17,"column":0},"end":{"line":17,"column":27}},"17":{"start":{"line":18,"column":0},"end":{"line":18,"column":13}},"18":{"start":{"line":19,"column":0},"end":{"line":19,"column":62}},"19":{"start":{"line":20,"column":0},"end":{"line":20,"column":60}},"20":{"start":{"line":21,"column":0},"end":{"line":21,"column":9}},"22":{"start":{"line":23,"column":0},"end":{"line":23,"column":15}},"24":{"start":{"line":25,"column":0},"end":{"line":25,"column":12}},"25":{"start":{"line":26,"column":0},"end":{"line":26,"column":42}},"26":{"start":{"line":27,"column":0},"end":{"line":27,"column":13}},"27":{"start":{"line":28,"column":0},"end":{"line":28,"column":36}},"28":{"start":{"line":29,"column":0},"end":{"line":29,"column":13}},"29":{"start":{"line":30,"column":0},"end":{"line":30,"column":62}},"30":{"start":{"line":31,"column":0},"end":{"line":31,"column":60}},"31":{"start":{"line":32,"column":0},"end":{"line":32,"column":9}},"33":{"start":{"line":34,"column":0},"end":{"line":34,"column":15}},"35":{"start":{"line":36,"column":0},"end":{"line":36,"column":10}},"37":{"start":{"line":38,"column":0},"end":{"line":38,"column":2}},"39":{"start":{"line":40,"column":0},"end":{"line":40,"column":26}}},"s":{"0":1,"1":1,"2":1,"9":1,"10":2,"11":2,"12":2,"14":2,"15":2,"16":2,"17":0,"18":0,"19":0,"20":0,"22":0,"24":2,"25":2,"26":2,"27":2,"28":0,"29":0,"30":0,"31":0,"33":0,"35":2,"37":2,"39":1},"branchMap":{"0":{"type":"branch","line":10,"loc":{"start":{"line":10,"column":46},"end":{"line":38,"column":2}},"locations":[{"start":{"line":10,"column":46},"end":{"line":38,"column":2}}]},"1":{"type":"branch","line":17,"loc":{"start":{"line":17,"column":21},"end":{"line":23,"column":15}},"locations":[{"start":{"line":17,"column":21},"end":{"line":23,"column":15}}]},"2":{"type":"branch","line":28,"loc":{"start":{"line":28,"column":21},"end":{"line":34,"column":15}},"locations":[{"start":{"line":28,"column":21},"end":{"line":34,"column":15}}]}},"b":{"0":[2],"1":[0],"2":[0]},"fnMap":{"0":{"name":"Pagination","decl":{"start":{"line":10,"column":46},"end":{"line":38,"column":2}},"loc":{"start":{"line":10,"column":46},"end":{"line":38,"column":2}},"line":10}},"f":{"0":2}}
,"C:\\Users\\admin\\Desktop\\REACT+TS\\REACT2024Q3\\src\\components\\search.tsx": {"path":"C:\\Users\\admin\\Desktop\\REACT+TS\\REACT2024Q3\\src\\components\\search.tsx","all":false,"statementMap":{"0":{"start":{"line":1,"column":0},"end":{"line":1,"column":51}},"6":{"start":{"line":7,"column":0},"end":{"line":7,"column":57}},"7":{"start":{"line":8,"column":0},"end":{"line":8,"column":51}},"9":{"start":{"line":10,"column":0},"end":{"line":10,"column":19}},"10":{"start":{"line":11,"column":0},"end":{"line":11,"column":69}},"11":{"start":{"line":12,"column":0},"end":{"line":12,"column":35}},"12":{"start":{"line":13,"column":0},"end":{"line":13,"column":9}},"14":{"start":{"line":15,"column":0},"end":{"line":15,"column":30}},"15":{"start":{"line":16,"column":0},"end":{"line":16,"column":48}},"16":{"start":{"line":17,"column":0},"end":{"line":17,"column":37}},"17":{"start":{"line":18,"column":0},"end":{"line":18,"column":58}},"18":{"start":{"line":19,"column":0},"end":{"line":19,"column":32}},"19":{"start":{"line":20,"column":0},"end":{"line":20,"column":4}},"21":{"start":{"line":22,"column":0},"end":{"line":22,"column":73}},"22":{"start":{"line":23,"column":0},"end":{"line":23,"column":34}},"23":{"start":{"line":24,"column":0},"end":{"line":24,"column":4}},"25":{"start":{"line":26,"column":0},"end":{"line":26,"column":10}},"26":{"start":{"line":27,"column":0},"end":{"line":27,"column":33}},"27":{"start":{"line":28,"column":0},"end":{"line":28,"column":12}},"28":{"start":{"line":29,"column":0},"end":{"line":29,"column":19}},"29":{"start":{"line":30,"column":0},"end":{"line":30,"column":26}},"30":{"start":{"line":31,"column":0},"end":{"line":31,"column":36}},"31":{"start":{"line":32,"column":0},"end":{"line":32,"column":39}},"32":{"start":{"line":33,"column":0},"end":{"line":33,"column":8}},"33":{"start":{"line":34,"column":0},"end":{"line":34,"column":52}},"34":{"start":{"line":35,"column":0},"end":{"line":35,"column":10}},"36":{"start":{"line":37,"column":0},"end":{"line":37,"column":2}},"38":{"start":{"line":39,"column":0},"end":{"line":39,"column":22}}},"s":{"0":1,"6":1,"7":8,"9":8,"10":3,"11":3,"12":8,"14":8,"15":1,"16":1,"17":1,"18":1,"19":1,"21":8,"22":1,"23":1,"25":8,"26":8,"27":8,"28":8,"29":8,"30":8,"31":8,"32":8,"33":8,"34":8,"36":8,"38":1},"branchMap":{"0":{"type":"branch","line":7,"loc":{"start":{"line":7,"column":38},"end":{"line":37,"column":2}},"locations":[{"start":{"line":7,"column":38},"end":{"line":37,"column":2}}]},"1":{"type":"branch","line":10,"loc":{"start":{"line":10,"column":12},"end":{"line":13,"column":5}},"locations":[{"start":{"line":10,"column":12},"end":{"line":13,"column":5}}]},"2":{"type":"branch","line":11,"loc":{"start":{"line":11,"column":61},"end":{"line":11,"column":69}},"locations":[{"start":{"line":11,"column":61},"end":{"line":11,"column":69}}]},"3":{"type":"branch","line":15,"loc":{"start":{"line":15,"column":23},"end":{"line":20,"column":4}},"locations":[{"start":{"line":15,"column":23},"end":{"line":20,"column":4}}]},"4":{"type":"branch","line":22,"loc":{"start":{"line":22,"column":28},"end":{"line":24,"column":4}},"locations":[{"start":{"line":22,"column":28},"end":{"line":24,"column":4}}]}},"b":{"0":[8],"1":[3],"2":[2],"3":[1],"4":[1]},"fnMap":{"0":{"name":"Search","decl":{"start":{"line":7,"column":38},"end":{"line":37,"column":2}},"loc":{"start":{"line":7,"column":38},"end":{"line":37,"column":2}},"line":7},"1":{"name":"handleSubmit","decl":{"start":{"line":15,"column":23},"end":{"line":20,"column":4}},"loc":{"start":{"line":15,"column":23},"end":{"line":20,"column":4}},"line":15},"2":{"name":"handleInputChange","decl":{"start":{"line":22,"column":28},"end":{"line":24,"column":4}},"loc":{"start":{"line":22,"column":28},"end":{"line":24,"column":4}},"line":22}},"f":{"0":8,"1":1,"2":1}}
,"C:\\Users\\admin\\Desktop\\REACT+TS\\REACT2024Q3\\src\\components\\searchResults.tsx": {"path":"C:\\Users\\admin\\Desktop\\REACT+TS\\REACT2024Q3\\src\\components\\searchResults.tsx","all":false,"statementMap":{"0":{"start":{"line":1,"column":0},"end":{"line":1,"column":26}},"1":{"start":{"line":2,"column":0},"end":{"line":2,"column":40}},"2":{"start":{"line":3,"column":0},"end":{"line":3,"column":34}},"4":{"start":{"line":5,"column":0},"end":{"line":5,"column":45}},"5":{"start":{"line":6,"column":0},"end":{"line":6,"column":20}},"6":{"start":{"line":7,"column":0},"end":{"line":7,"column":51}},"7":{"start":{"line":8,"column":0},"end":{"line":8,"column":42}},"14":{"start":{"line":15,"column":0},"end":{"line":15,"column":70}},"15":{"start":{"line":16,"column":0},"end":{"line":16,"column":43}},"16":{"start":{"line":17,"column":0},"end":{"line":17,"column":54}},"17":{"start":{"line":18,"column":0},"end":{"line":18,"column":31}},"18":{"start":{"line":19,"column":0},"end":{"line":19,"column":34}},"19":{"start":{"line":20,"column":0},"end":{"line":20,"column":55}},"20":{"start":{"line":21,"column":0},"end":{"line":21,"column":4}},"21":{"start":{"line":22,"column":0},"end":{"line":22,"column":10}},"22":{"start":{"line":23,"column":0},"end":{"line":23,"column":36}},"23":{"start":{"line":24,"column":0},"end":{"line":24,"column":29}},"24":{"start":{"line":25,"column":0},"end":{"line":25,"column":29}},"25":{"start":{"line":26,"column":0},"end":{"line":26,"column":12}},"26":{"start":{"line":27,"column":0},"end":{"line":27,"column":36}},"27":{"start":{"line":28,"column":0},"end":{"line":28,"column":33}},"28":{"start":{"line":29,"column":0},"end":{"line":29,"column":69}},"29":{"start":{"line":30,"column":0},"end":{"line":30,"column":42}},"30":{"start":{"line":31,"column":0},"end":{"line":31,"column":21}},"31":{"start":{"line":32,"column":0},"end":{"line":32,"column":88}},"32":{"start":{"line":33,"column":0},"end":{"line":33,"column":80}},"34":{"start":{"line":35,"column":0},"end":{"line":35,"column":48}},"35":{"start":{"line":36,"column":0},"end":{"line":36,"column":23}},"36":{"start":{"line":37,"column":0},"end":{"line":37,"column":20}},"37":{"start":{"line":38,"column":0},"end":{"line":38,"column":17}},"38":{"start":{"line":39,"column":0},"end":{"line":39,"column":13}},"39":{"start":{"line":40,"column":0},"end":{"line":40,"column":13}},"41":{"start":{"line":42,"column":0},"end":{"line":42,"column":47}},"43":{"start":{"line":44,"column":0},"end":{"line":44,"column":10}},"45":{"start":{"line":46,"column":0},"end":{"line":46,"column":2}},"47":{"start":{"line":48,"column":0},"end":{"line":48,"column":29}}},"s":{"0":1,"1":1,"2":1,"4":1,"5":1,"6":1,"7":1,"14":1,"15":2,"16":2,"17":2,"18":2,"19":2,"20":2,"21":2,"22":2,"23":2,"24":2,"25":1,"26":1,"27":1,"28":1,"29":1,"30":1,"31":1,"32":1,"34":1,"35":1,"36":1,"37":1,"38":1,"39":1,"41":1,"43":2,"45":2,"47":1},"branchMap":{"0":{"type":"branch","line":15,"loc":{"start":{"line":15,"column":52},"end":{"line":46,"column":2}},"locations":[{"start":{"line":15,"column":52},"end":{"line":46,"column":2}}]},"1":{"type":"branch","line":25,"loc":{"start":{"line":25,"column":24},"end":{"line":40,"column":13}},"locations":[{"start":{"line":25,"column":24},"end":{"line":40,"column":13}}]},"2":{"type":"branch","line":40,"loc":{"start":{"line":40,"column":8},"end":{"line":42,"column":47}},"locations":[{"start":{"line":40,"column":8},"end":{"line":42,"column":47}}]},"3":{"type":"branch","line":20,"loc":{"start":{"line":20,"column":4},"end":{"line":20,"column":55}},"locations":[{"start":{"line":20,"column":4},"end":{"line":20,"column":55}}]},"4":{"type":"branch","line":27,"loc":{"start":{"line":27,"column":23},"end":{"line":38,"column":17}},"locations":[{"start":{"line":27,"column":23},"end":{"line":38,"column":17}}]},"5":{"type":"branch","line":33,"loc":{"start":{"line":33,"column":29},"end":{"line":33,"column":61}},"locations":[{"start":{"line":33,"column":29},"end":{"line":33,"column":61}}]}},"b":{"0":[2],"1":[1],"2":[1],"3":[4],"4":[1],"5":[0]},"fnMap":{"0":{"name":"SearchResults","decl":{"start":{"line":15,"column":52},"end":{"line":46,"column":2}},"loc":{"start":{"line":15,"column":52},"end":{"line":46,"column":2}},"line":15}},"f":{"0":2}}
,"C:\\Users\\admin\\Desktop\\REACT+TS\\REACT2024Q3\\src\\context\\ThemeContext.tsx": {"path":"C:\\Users\\admin\\Desktop\\REACT+TS\\REACT2024Q3\\src\\context\\ThemeContext.tsx","all":false,"statementMap":{"0":{"start":{"line":1,"column":0},"end":{"line":1,"column":77}},"2":{"start":{"line":3,"column":0},"end":{"line":3,"column":51}},"3":{"start":{"line":4,"column":0},"end":{"line":4,"column":63}},"9":{"start":{"line":10,"column":0},"end":{"line":10,"column":61}},"11":{"start":{"line":12,"column":0},"end":{"line":12,"column":61}},"12":{"start":{"line":13,"column":0},"end":{"line":13,"column":53}},"13":{"start":{"line":14,"column":0},"end":{"line":14,"column":55}},"14":{"start":{"line":15,"column":0},"end":{"line":15,"column":5}},"16":{"start":{"line":17,"column":0},"end":{"line":17,"column":19}},"18":{"start":{"line":19,"column":0},"end":{"line":19,"column":61}},"19":{"start":{"line":20,"column":0},"end":{"line":20,"column":18}},"21":{"start":{"line":22,"column":0},"end":{"line":22,"column":29}},"22":{"start":{"line":23,"column":0},"end":{"line":23,"column":52}},"23":{"start":{"line":24,"column":0},"end":{"line":24,"column":4}},"25":{"start":{"line":26,"column":0},"end":{"line":26,"column":10}},"26":{"start":{"line":27,"column":0},"end":{"line":27,"column":45}},"27":{"start":{"line":28,"column":0},"end":{"line":28,"column":55}},"28":{"start":{"line":29,"column":0},"end":{"line":29,"column":18}},"29":{"start":{"line":30,"column":0},"end":{"line":30,"column":36}},"30":{"start":{"line":31,"column":0},"end":{"line":31,"column":28}},"32":{"start":{"line":33,"column":0},"end":{"line":33,"column":2}}},"s":{"0":1,"2":1,"3":1,"9":1,"11":4,"12":3,"13":3,"14":4,"16":4,"18":4,"19":4,"21":4,"22":1,"23":1,"25":4,"26":4,"27":4,"28":4,"29":4,"30":4,"32":4},"branchMap":{"0":{"type":"branch","line":10,"loc":{"start":{"line":10,"column":22},"end":{"line":33,"column":2}},"locations":[{"start":{"line":10,"column":22},"end":{"line":33,"column":2}}]},"1":{"type":"branch","line":12,"loc":{"start":{"line":12,"column":54},"end":{"line":15,"column":3}},"locations":[{"start":{"line":12,"column":54},"end":{"line":15,"column":3}}]},"2":{"type":"branch","line":14,"loc":{"start":{"line":14,"column":11},"end":{"line":14,"column":49}},"locations":[{"start":{"line":14,"column":11},"end":{"line":14,"column":49}}]},"3":{"type":"branch","line":14,"loc":{"start":{"line":14,"column":45},"end":{"line":14,"column":55}},"locations":[{"start":{"line":14,"column":45},"end":{"line":14,"column":55}}]},"4":{"type":"branch","line":17,"loc":{"start":{"line":17,"column":12},"end":{"line":20,"column":5}},"locations":[{"start":{"line":17,"column":12},"end":{"line":20,"column":5}}]},"5":{"type":"branch","line":22,"loc":{"start":{"line":22,"column":22},"end":{"line":24,"column":4}},"locations":[{"start":{"line":22,"column":22},"end":{"line":24,"column":4}}]},"6":{"type":"branch","line":23,"loc":{"start":{"line":23,"column":17},"end":{"line":23,"column":50}},"locations":[{"start":{"line":23,"column":17},"end":{"line":23,"column":50}}]}},"b":{"0":[4],"1":[3],"2":[2],"3":[1],"4":[4],"5":[1],"6":[1]},"fnMap":{"0":{"name":"ThemeProvider","decl":{"start":{"line":10,"column":22},"end":{"line":33,"column":2}},"loc":{"start":{"line":10,"column":22},"end":{"line":33,"column":2}},"line":10},"1":{"name":"toggleTheme","decl":{"start":{"line":22,"column":22},"end":{"line":24,"column":4}},"loc":{"start":{"line":22,"column":22},"end":{"line":24,"column":4}},"line":22}},"f":{"0":4,"1":1}}
,"C:\\Users\\admin\\Desktop\\REACT+TS\\REACT2024Q3\\src\\hooks\\useSearchTerm.tsx": {"path":"C:\\Users\\admin\\Desktop\\REACT+TS\\REACT2024Q3\\src\\hooks\\useSearchTerm.tsx","all":false,"statementMap":{"0":{"start":{"line":1,"column":0},"end":{"line":1,"column":44}},"2":{"start":{"line":3,"column":0},"end":{"line":3,"column":26}},"3":{"start":{"line":4,"column":0},"end":{"line":4,"column":54}},"4":{"start":{"line":5,"column":0},"end":{"line":5,"column":52}},"5":{"start":{"line":6,"column":0},"end":{"line":6,"column":5}},"7":{"start":{"line":8,"column":0},"end":{"line":8,"column":19}},"8":{"start":{"line":9,"column":0},"end":{"line":9,"column":18}},"9":{"start":{"line":10,"column":0},"end":{"line":10,"column":53}},"10":{"start":{"line":11,"column":0},"end":{"line":11,"column":6}},"11":{"start":{"line":12,"column":0},"end":{"line":12,"column":19}},"13":{"start":{"line":14,"column":0},"end":{"line":14,"column":37}},"14":{"start":{"line":15,"column":0},"end":{"line":15,"column":1}},"16":{"start":{"line":17,"column":0},"end":{"line":17,"column":29}}},"s":{"0":1,"2":2,"3":2,"4":2,"5":2,"7":2,"8":2,"9":2,"10":2,"11":2,"13":2,"14":2,"16":1},"branchMap":{"0":{"type":"branch","line":3,"loc":{"start":{"line":3,"column":0},"end":{"line":15,"column":1}},"locations":[{"start":{"line":3,"column":0},"end":{"line":15,"column":1}}]},"1":{"type":"branch","line":4,"loc":{"start":{"line":4,"column":47},"end":{"line":6,"column":3}},"locations":[{"start":{"line":4,"column":47},"end":{"line":6,"column":3}}]},"2":{"type":"branch","line":5,"loc":{"start":{"line":5,"column":44},"end":{"line":5,"column":52}},"locations":[{"start":{"line":5,"column":44},"end":{"line":5,"column":52}}]},"3":{"type":"branch","line":8,"loc":{"start":{"line":8,"column":12},"end":{"line":12,"column":5}},"locations":[{"start":{"line":8,"column":12},"end":{"line":12,"column":5}}]},"4":{"type":"branch","line":9,"loc":{"start":{"line":9,"column":11},"end":{"line":11,"column":6}},"locations":[{"start":{"line":9,"column":11},"end":{"line":11,"column":6}}]}},"b":{"0":[2],"1":[2],"2":[1],"3":[2],"4":[2]},"fnMap":{"0":{"name":"useSearchTerm","decl":{"start":{"line":3,"column":0},"end":{"line":15,"column":1}},"loc":{"start":{"line":3,"column":0},"end":{"line":15,"column":1}},"line":3}},"f":{"0":2}}
,"C:\\Users\\admin\\Desktop\\REACT+TS\\REACT2024Q3\\src\\hooks\\useTheme.tsx": {"path":"C:\\Users\\admin\\Desktop\\REACT+TS\\REACT2024Q3\\src\\hooks\\useTheme.tsx","all":false,"statementMap":{"0":{"start":{"line":1,"column":0},"end":{"line":1,"column":35}},"1":{"start":{"line":2,"column":0},"end":{"line":2,"column":75}},"3":{"start":{"line":4,"column":0},"end":{"line":4,"column":55}},"4":{"start":{"line":5,"column":0},"end":{"line":5,"column":67}}},"s":{"0":1,"1":1,"3":1,"4":1},"branchMap":{"0":{"type":"branch","line":4,"loc":{"start":{"line":4,"column":24},"end":{"line":4,"column":55}},"locations":[{"start":{"line":4,"column":24},"end":{"line":4,"column":55}}]},"1":{"type":"branch","line":5,"loc":{"start":{"line":5,"column":30},"end":{"line":5,"column":67}},"locations":[{"start":{"line":5,"column":30},"end":{"line":5,"column":67}}]}},"b":{"0":[13],"1":[2]},"fnMap":{"0":{"name":"useTheme","decl":{"start":{"line":4,"column":24},"end":{"line":4,"column":55}},"loc":{"start":{"line":4,"column":24},"end":{"line":4,"column":55}},"line":4},"1":{"name":"useThemeUpdate","decl":{"start":{"line":5,"column":30},"end":{"line":5,"column":67}},"loc":{"start":{"line":5,"column":30},"end":{"line":5,"column":67}},"line":5}},"f":{"0":13,"1":2}}
,"C:\\Users\\admin\\Desktop\\REACT+TS\\REACT2024Q3\\src\\middleware\\loadingMiddleware.tsx": {"path":"C:\\Users\\admin\\Desktop\\REACT+TS\\REACT2024Q3\\src\\middleware\\loadingMiddleware.tsx","all":false,"statementMap":{"0":{"start":{"line":1,"column":0},"end":{"line":1,"column":46}},"1":{"start":{"line":2,"column":0},"end":{"line":2,"column":48}},"2":{"start":{"line":3,"column":0},"end":{"line":3,"column":52}},"4":{"start":{"line":5,"column":0},"end":{"line":5,"column":75}},"5":{"start":{"line":6,"column":0},"end":{"line":6,"column":6}},"6":{"start":{"line":7,"column":0},"end":{"line":7,"column":60}},"7":{"start":{"line":8,"column":0},"end":{"line":8,"column":60}},"8":{"start":{"line":9,"column":0},"end":{"line":9,"column":5}},"9":{"start":{"line":10,"column":0},"end":{"line":10,"column":40}},"10":{"start":{"line":11,"column":0},"end":{"line":11,"column":13}},"11":{"start":{"line":12,"column":0},"end":{"line":12,"column":62}},"12":{"start":{"line":13,"column":0},"end":{"line":13,"column":65}},"13":{"start":{"line":14,"column":0},"end":{"line":14,"column":61}},"14":{"start":{"line":15,"column":0},"end":{"line":15,"column":61}},"15":{"start":{"line":16,"column":0},"end":{"line":16,"column":5}},"16":{"start":{"line":17,"column":0},"end":{"line":17,"column":41}},"17":{"start":{"line":18,"column":0},"end":{"line":18,"column":3}},"19":{"start":{"line":20,"column":0},"end":{"line":20,"column":22}},"20":{"start":{"line":21,"column":0},"end":{"line":21,"column":2}},"22":{"start":{"line":23,"column":0},"end":{"line":23,"column":33}}},"s":{"0":1,"1":1,"2":1,"4":1,"5":4,"6":4,"7":3,"8":4,"9":1,"10":1,"11":3,"12":3,"13":3,"14":3,"15":3,"16":0,"17":0,"19":4,"20":4,"22":1},"branchMap":{"0":{"type":"branch","line":5,"loc":{"start":{"line":5,"column":38},"end":{"line":21,"column":2}},"locations":[{"start":{"line":5,"column":38},"end":{"line":21,"column":2}}]},"1":{"type":"branch","line":5,"loc":{"start":{"line":5,"column":52},"end":{"line":21,"column":2}},"locations":[{"start":{"line":5,"column":52},"end":{"line":21,"column":2}}]},"2":{"type":"branch","line":5,"loc":{"start":{"line":5,"column":62},"end":{"line":21,"column":2}},"locations":[{"start":{"line":5,"column":62},"end":{"line":21,"column":2}}]},"3":{"type":"branch","line":7,"loc":{"start":{"line":7,"column":56},"end":{"line":8,"column":60}},"locations":[{"start":{"line":7,"column":56},"end":{"line":8,"column":60}}]},"4":{"type":"branch","line":9,"loc":{"start":{"line":9,"column":4},"end":{"line":11,"column":13}},"locations":[{"start":{"line":9,"column":4},"end":{"line":11,"column":13}}]},"5":{"type":"branch","line":11,"loc":{"start":{"line":11,"column":2},"end":{"line":18,"column":3}},"locations":[{"start":{"line":11,"column":2},"end":{"line":18,"column":3}}]},"6":{"type":"branch","line":16,"loc":{"start":{"line":16,"column":4},"end":{"line":18,"column":3}},"locations":[{"start":{"line":16,"column":4},"end":{"line":18,"column":3}}]}},"b":{"0":[3],"1":[3],"2":[4],"3":[3],"4":[1],"5":[3],"6":[0]},"fnMap":{"0":{"name":"loadingMiddleware","decl":{"start":{"line":5,"column":38},"end":{"line":21,"column":2}},"loc":{"start":{"line":5,"column":38},"end":{"line":21,"column":2}},"line":5}},"f":{"0":3}}
,"C:\\Users\\admin\\Desktop\\REACT+TS\\REACT2024Q3\\src\\services\\apiSlice.tsx": {"path":"C:\\Users\\admin\\Desktop\\REACT+TS\\REACT2024Q3\\src\\services\\apiSlice.tsx","all":false,"statementMap":{"0":{"start":{"line":1,"column":0},"end":{"line":1,"column":73}},"7":{"start":{"line":8,"column":0},"end":{"line":8,"column":42}},"9":{"start":{"line":10,"column":0},"end":{"line":10,"column":35}},"10":{"start":{"line":11,"column":0},"end":{"line":11,"column":21}},"11":{"start":{"line":12,"column":0},"end":{"line":12,"column":53}},"12":{"start":{"line":13,"column":0},"end":{"line":13,"column":28}},"13":{"start":{"line":14,"column":0},"end":{"line":14,"column":79}},"14":{"start":{"line":15,"column":0},"end":{"line":15,"column":57}},"15":{"start":{"line":16,"column":0},"end":{"line":16,"column":108}},"16":{"start":{"line":17,"column":0},"end":{"line":17,"column":23}},"17":{"start":{"line":18,"column":0},"end":{"line":18,"column":9}},"18":{"start":{"line":19,"column":0},"end":{"line":19,"column":7}},"19":{"start":{"line":20,"column":0},"end":{"line":20,"column":60}},"20":{"start":{"line":21,"column":0},"end":{"line":21,"column":34}},"21":{"start":{"line":22,"column":0},"end":{"line":22,"column":7}},"22":{"start":{"line":23,"column":0},"end":{"line":23,"column":5}},"23":{"start":{"line":24,"column":0},"end":{"line":24,"column":3}},"25":{"start":{"line":26,"column":0},"end":{"line":26,"column":76}}},"s":{"0":1,"7":1,"9":1,"10":1,"11":1,"12":1,"13":3,"14":3,"15":1,"16":1,"17":1,"18":3,"19":3,"20":3,"21":3,"22":3,"23":1,"25":1},"branchMap":{"0":{"type":"branch","line":13,"loc":{"start":{"line":13,"column":13},"end":{"line":23,"column":5}},"locations":[{"start":{"line":13,"column":13},"end":{"line":23,"column":5}}]},"1":{"type":"branch","line":15,"loc":{"start":{"line":15,"column":13},"end":{"line":18,"column":9}},"locations":[{"start":{"line":15,"column":13},"end":{"line":18,"column":9}}]}},"b":{"0":[3],"1":[1]},"fnMap":{"0":{"name":"endpoints","decl":{"start":{"line":13,"column":13},"end":{"line":23,"column":5}},"loc":{"start":{"line":13,"column":13},"end":{"line":23,"column":5}},"line":13},"1":{"name":"query","decl":{"start":{"line":15,"column":13},"end":{"line":18,"column":9}},"loc":{"start":{"line":15,"column":13},"end":{"line":18,"column":9}},"line":15},"2":{"name":"query","decl":{"start":{"line":21,"column":13},"end":{"line":21,"column":34}},"loc":{"start":{"line":21,"column":13},"end":{"line":21,"column":34}},"line":21}},"f":{"0":3,"1":1,"2":0}}
,"C:\\Users\\admin\\Desktop\\REACT+TS\\REACT2024Q3\\src\\slices\\loadingSlice.tsx": {"path":"C:\\Users\\admin\\Desktop\\REACT+TS\\REACT2024Q3\\src\\slices\\loadingSlice.tsx","all":false,"statementMap":{"0":{"start":{"line":1,"column":0},"end":{"line":1,"column":47}},"2":{"start":{"line":3,"column":0},"end":{"line":3,"column":22}},"3":{"start":{"line":4,"column":0},"end":{"line":4,"column":19}},"4":{"start":{"line":5,"column":0},"end":{"line":5,"column":2}},"6":{"start":{"line":7,"column":0},"end":{"line":7,"column":34}},"7":{"start":{"line":8,"column":0},"end":{"line":8,"column":18}},"8":{"start":{"line":9,"column":0},"end":{"line":9,"column":15}},"9":{"start":{"line":10,"column":0},"end":{"line":10,"column":13}},"10":{"start":{"line":11,"column":0},"end":{"line":11,"column":36}},"11":{"start":{"line":12,"column":0},"end":{"line":12,"column":39}},"12":{"start":{"line":13,"column":0},"end":{"line":13,"column":6}},"13":{"start":{"line":14,"column":0},"end":{"line":14,"column":4}},"14":{"start":{"line":15,"column":0},"end":{"line":15,"column":3}},"16":{"start":{"line":17,"column":0},"end":{"line":17,"column":51}},"17":{"start":{"line":18,"column":0},"end":{"line":18,"column":36}}},"s":{"0":1,"2":1,"3":1,"4":1,"6":1,"7":1,"8":1,"9":1,"10":1,"11":1,"12":1,"13":1,"14":1,"16":1,"17":1},"branchMap":{"0":{"type":"branch","line":11,"loc":{"start":{"line":11,"column":16},"end":{"line":13,"column":6}},"locations":[{"start":{"line":11,"column":16},"end":{"line":13,"column":6}}]}},"b":{"0":[1]},"fnMap":{"0":{"name":"setLoading","decl":{"start":{"line":11,"column":16},"end":{"line":13,"column":6}},"loc":{"start":{"line":11,"column":16},"end":{"line":13,"column":6}},"line":11}},"f":{"0":1}}
,"C:\\Users\\admin\\Desktop\\REACT+TS\\REACT2024Q3\\src\\slices\\paginationSlice.ts": {"path":"C:\\Users\\admin\\Desktop\\REACT+TS\\REACT2024Q3\\src\\slices\\paginationSlice.ts","all":false,"statementMap":{"0":{"start":{"line":1,"column":0},"end":{"line":1,"column":62}},"7":{"start":{"line":8,"column":0},"end":{"line":8,"column":39}},"8":{"start":{"line":9,"column":0},"end":{"line":9,"column":17}},"9":{"start":{"line":10,"column":0},"end":{"line":10,"column":16}},"10":{"start":{"line":11,"column":0},"end":{"line":11,"column":2}},"12":{"start":{"line":13,"column":0},"end":{"line":13,"column":37}},"13":{"start":{"line":14,"column":0},"end":{"line":14,"column":21}},"14":{"start":{"line":15,"column":0},"end":{"line":15,"column":15}},"15":{"start":{"line":16,"column":0},"end":{"line":16,"column":13}},"16":{"start":{"line":17,"column":0},"end":{"line":17,"column":51}},"17":{"start":{"line":18,"column":0},"end":{"line":18,"column":41}},"18":{"start":{"line":19,"column":0},"end":{"line":19,"column":6}},"19":{"start":{"line":20,"column":0},"end":{"line":20,"column":57}},"20":{"start":{"line":21,"column":0},"end":{"line":21,"column":40}},"21":{"start":{"line":22,"column":0},"end":{"line":22,"column":6}},"22":{"start":{"line":23,"column":0},"end":{"line":23,"column":4}},"23":{"start":{"line":24,"column":0},"end":{"line":24,"column":3}},"25":{"start":{"line":26,"column":0},"end":{"line":26,"column":66}},"26":{"start":{"line":27,"column":0},"end":{"line":27,"column":39}}},"s":{"0":1,"7":1,"8":1,"9":1,"10":1,"12":1,"13":1,"14":1,"15":1,"16":1,"17":1,"18":1,"19":1,"20":0,"21":0,"22":1,"23":1,"25":1,"26":1},"branchMap":{"0":{"type":"branch","line":17,"loc":{"start":{"line":17,"column":4},"end":{"line":19,"column":6}},"locations":[{"start":{"line":17,"column":4},"end":{"line":19,"column":6}}]}},"b":{"0":[1]},"fnMap":{"0":{"name":"setPage","decl":{"start":{"line":17,"column":4},"end":{"line":19,"column":6}},"loc":{"start":{"line":17,"column":4},"end":{"line":19,"column":6}},"line":17},"1":{"name":"setTotalPages","decl":{"start":{"line":20,"column":4},"end":{"line":22,"column":6}},"loc":{"start":{"line":20,"column":4},"end":{"line":22,"column":6}},"line":20}},"f":{"0":1,"1":0}}
,"C:\\Users\\admin\\Desktop\\REACT+TS\\REACT2024Q3\\src\\slices\\selectedItemsSlice.tsx": {"path":"C:\\Users\\admin\\Desktop\\REACT+TS\\REACT2024Q3\\src\\slices\\selectedItemsSlice.tsx","all":false,"statementMap":{"0":{"start":{"line":1,"column":0},"end":{"line":1,"column":62}},"7":{"start":{"line":8,"column":0},"end":{"line":8,"column":42}},"8":{"start":{"line":9,"column":0},"end":{"line":9,"column":12}},"9":{"start":{"line":10,"column":0},"end":{"line":10,"column":2}},"11":{"start":{"line":12,"column":0},"end":{"line":12,"column":40}},"12":{"start":{"line":13,"column":0},"end":{"line":13,"column":24}},"13":{"start":{"line":14,"column":0},"end":{"line":14,"column":15}},"14":{"start":{"line":15,"column":0},"end":{"line":15,"column":13}},"15":{"start":{"line":16,"column":0},"end":{"line":16,"column":65}},"16":{"start":{"line":17,"column":0},"end":{"line":17,"column":39}},"17":{"start":{"line":18,"column":0},"end":{"line":18,"column":6}},"18":{"start":{"line":19,"column":0},"end":{"line":19,"column":61}},"19":{"start":{"line":20,"column":0},"end":{"line":20,"column":78}},"20":{"start":{"line":21,"column":0},"end":{"line":21,"column":6}},"21":{"start":{"line":22,"column":0},"end":{"line":22,"column":29}},"22":{"start":{"line":23,"column":0},"end":{"line":23,"column":23}},"23":{"start":{"line":24,"column":0},"end":{"line":24,"column":6}},"24":{"start":{"line":25,"column":0},"end":{"line":25,"column":65}},"25":{"start":{"line":26,"column":0},"end":{"line":26,"column":42}},"26":{"start":{"line":27,"column":0},"end":{"line":27,"column":50}},"27":{"start":{"line":28,"column":0},"end":{"line":28,"column":8}},"28":{"start":{"line":29,"column":0},"end":{"line":29,"column":25}},"29":{"start":{"line":30,"column":0},"end":{"line":30,"column":41}},"30":{"start":{"line":31,"column":0},"end":{"line":31,"column":14}},"31":{"start":{"line":32,"column":0},"end":{"line":32,"column":37}},"32":{"start":{"line":33,"column":0},"end":{"line":33,"column":7}},"33":{"start":{"line":34,"column":0},"end":{"line":34,"column":6}},"34":{"start":{"line":35,"column":0},"end":{"line":35,"column":4}},"35":{"start":{"line":36,"column":0},"end":{"line":36,"column":3}},"37":{"start":{"line":38,"column":0},"end":{"line":38,"column":68}},"38":{"start":{"line":39,"column":0},"end":{"line":39,"column":29}},"39":{"start":{"line":40,"column":0},"end":{"line":40,"column":42}}},"s":{"0":1,"7":1,"8":1,"9":1,"11":1,"12":1,"13":1,"14":1,"15":1,"16":0,"17":0,"18":1,"19":0,"20":0,"21":1,"22":0,"23":0,"24":1,"25":0,"26":0,"27":0,"28":0,"29":0,"30":0,"31":0,"32":0,"33":0,"34":1,"35":1,"37":1,"38":1,"39":1},"branchMap":{},"b":{},"fnMap":{"0":{"name":"selectItem","decl":{"start":{"line":16,"column":16},"end":{"line":18,"column":6}},"loc":{"start":{"line":16,"column":16},"end":{"line":18,"column":6}},"line":16},"1":{"name":"unselectItem","decl":{"start":{"line":19,"column":18},"end":{"line":21,"column":6}},"loc":{"start":{"line":19,"column":18},"end":{"line":21,"column":6}},"line":19},"2":{"name":"unselectAll","decl":{"start":{"line":22,"column":17},"end":{"line":24,"column":6}},"loc":{"start":{"line":22,"column":17},"end":{"line":24,"column":6}},"line":22},"3":{"name":"toggleItem","decl":{"start":{"line":25,"column":16},"end":{"line":34,"column":6}},"loc":{"start":{"line":25,"column":16},"end":{"line":34,"column":6}},"line":25}},"f":{"0":0,"1":0,"2":0,"3":0}}
,"C:\\Users\\admin\\Desktop\\REACT+TS\\REACT2024Q3\\src\\test\\mocks\\CustomRouter.tsx": {"path":"C:\\Users\\admin\\Desktop\\REACT+TS\\REACT2024Q3\\src\\test\\mocks\\CustomRouter.tsx","all":true,"statementMap":{"0":{"start":{"line":1,"column":0},"end":{"line":1,"column":26}},"5":{"start":{"line":6,"column":0},"end":{"line":6,"column":26}},"11":{"start":{"line":12,"column":0},"end":{"line":12,"column":52}},"12":{"start":{"line":13,"column":0},"end":{"line":13,"column":17}},"13":{"start":{"line":14,"column":0},"end":{"line":14,"column":11}},"14":{"start":{"line":15,"column":0},"end":{"line":15,"column":9}},"15":{"start":{"line":16,"column":0},"end":{"line":16,"column":7}},"16":{"start":{"line":17,"column":0},"end":{"line":17,"column":23}},"17":{"start":{"line":18,"column":0},"end":{"line":18,"column":12}},"18":{"start":{"line":19,"column":0},"end":{"line":19,"column":62}},"19":{"start":{"line":20,"column":0},"end":{"line":20,"column":18}},"20":{"start":{"line":21,"column":0},"end":{"line":21,"column":21}},"22":{"start":{"line":23,"column":0},"end":{"line":23,"column":3}},"24":{"start":{"line":25,"column":0},"end":{"line":25,"column":61}},"25":{"start":{"line":26,"column":0},"end":{"line":26,"column":2}},"27":{"start":{"line":28,"column":0},"end":{"line":28,"column":28}}},"s":{"0":0,"5":0,"11":0,"12":0,"13":0,"14":0,"15":0,"16":0,"17":0,"18":0,"19":0,"20":0,"22":0,"24":0,"25":0,"27":0},"branchMap":{"0":{"type":"branch","line":1,"loc":{"start":{"line":1,"column":0},"end":{"line":28,"column":-184}},"locations":[{"start":{"line":1,"column":0},"end":{"line":28,"column":-184}}]}},"b":{"0":[0]},"fnMap":{"0":{"name":"(empty-report)","decl":{"start":{"line":1,"column":0},"end":{"line":28,"column":-184}},"loc":{"start":{"line":1,"column":0},"end":{"line":28,"column":-184}},"line":1}},"f":{"0":0}}
,"C:\\Users\\admin\\Desktop\\REACT+TS\\REACT2024Q3\\src\\test\\mocks\\localstorage.ts": {"path":"C:\\Users\\admin\\Desktop\\REACT+TS\\REACT2024Q3\\src\\test\\mocks\\localstorage.ts","all":true,"statementMap":{"0":{"start":{"line":1,"column":0},"end":{"line":1,"column":33}},"1":{"start":{"line":2,"column":0},"end":{"line":2,"column":44}},"3":{"start":{"line":4,"column":0},"end":{"line":4,"column":10}},"4":{"start":{"line":5,"column":0},"end":{"line":5,"column":49}},"5":{"start":{"line":6,"column":0},"end":{"line":6,"column":46}},"6":{"start":{"line":7,"column":0},"end":{"line":7,"column":36}},"7":{"start":{"line":8,"column":0},"end":{"line":8,"column":6}},"8":{"start":{"line":9,"column":0},"end":{"line":9,"column":34}},"9":{"start":{"line":10,"column":0},"end":{"line":10,"column":24}},"10":{"start":{"line":11,"column":0},"end":{"line":11,"column":6}},"11":{"start":{"line":12,"column":0},"end":{"line":12,"column":18}},"12":{"start":{"line":13,"column":0},"end":{"line":13,"column":17}},"13":{"start":{"line":14,"column":0},"end":{"line":14,"column":6}},"14":{"start":{"line":15,"column":0},"end":{"line":15,"column":4}},"15":{"start":{"line":16,"column":0},"end":{"line":16,"column":5}},"17":{"start":{"line":18,"column":0},"end":{"line":18,"column":47}},"18":{"start":{"line":19,"column":0},"end":{"line":19,"column":26}},"19":{"start":{"line":20,"column":0},"end":{"line":20,"column":3}}},"s":{"0":0,"1":0,"3":0,"4":0,"5":0,"6":0,"7":0,"8":0,"9":0,"10":0,"11":0,"12":0,"13":0,"14":0,"15":0,"17":0,"18":0,"19":0},"branchMap":{"0":{"type":"branch","line":1,"loc":{"start":{"line":1,"column":452},"end":{"line":20,"column":3}},"locations":[{"start":{"line":1,"column":452},"end":{"line":20,"column":3}}]}},"b":{"0":[0]},"fnMap":{"0":{"name":"(empty-report)","decl":{"start":{"line":1,"column":452},"end":{"line":20,"column":3}},"loc":{"start":{"line":1,"column":452},"end":{"line":20,"column":3}},"line":1}},"f":{"0":0}}
,"C:\\Users\\admin\\Desktop\\REACT+TS\\REACT2024Q3\\src\\utils\\csx.tsx": {"path":"C:\\Users\\admin\\Desktop\\REACT+TS\\REACT2024Q3\\src\\utils\\csx.tsx","all":false,"statementMap":{"2":{"start":{"line":3,"column":0},"end":{"line":3,"column":49}},"3":{"start":{"line":4,"column":0},"end":{"line":4,"column":49}},"4":{"start":{"line":5,"column":0},"end":{"line":5,"column":36}},"5":{"start":{"line":6,"column":0},"end":{"line":6,"column":38}},"6":{"start":{"line":7,"column":0},"end":{"line":7,"column":60}},"7":{"start":{"line":8,"column":0},"end":{"line":8,"column":60}},"8":{"start":{"line":9,"column":0},"end":{"line":9,"column":47}},"9":{"start":{"line":10,"column":0},"end":{"line":10,"column":49}},"10":{"start":{"line":11,"column":0},"end":{"line":11,"column":49}},"12":{"start":{"line":13,"column":0},"end":{"line":13,"column":36}},"13":{"start":{"line":14,"column":0},"end":{"line":14,"column":53}},"14":{"start":{"line":15,"column":0},"end":{"line":15,"column":5}},"16":{"start":{"line":17,"column":0},"end":{"line":17,"column":58}},"17":{"start":{"line":18,"column":0},"end":{"line":18,"column":5}},"19":{"start":{"line":20,"column":0},"end":{"line":20,"column":20}},"20":{"start":{"line":21,"column":0},"end":{"line":21,"column":36}},"21":{"start":{"line":22,"column":0},"end":{"line":22,"column":58}},"23":{"start":{"line":24,"column":0},"end":{"line":24,"column":43}},"24":{"start":{"line":25,"column":0},"end":{"line":25,"column":43}},"25":{"start":{"line":26,"column":0},"end":{"line":26,"column":40}},"26":{"start":{"line":27,"column":0},"end":{"line":27,"column":63}},"27":{"start":{"line":28,"column":0},"end":{"line":28,"column":34}},"28":{"start":{"line":29,"column":0},"end":{"line":29,"column":15}},"29":{"start":{"line":30,"column":0},"end":{"line":30,"column":34}},"30":{"start":{"line":31,"column":0},"end":{"line":31,"column":2}}},"s":{"2":1,"3":1,"4":1,"5":2,"6":2,"7":2,"8":2,"9":2,"10":2,"12":2,"13":2,"14":2,"16":2,"17":1,"19":1,"20":1,"21":1,"23":1,"24":1,"25":1,"26":1,"27":1,"28":1,"29":1,"30":1},"branchMap":{"0":{"type":"branch","line":3,"loc":{"start":{"line":3,"column":27},"end":{"line":31,"column":2}},"locations":[{"start":{"line":3,"column":27},"end":{"line":31,"column":2}}]},"1":{"type":"branch","line":5,"loc":{"start":{"line":5,"column":25},"end":{"line":18,"column":3}},"locations":[{"start":{"line":5,"column":25},"end":{"line":18,"column":3}}]},"2":{"type":"branch","line":7,"loc":{"start":{"line":7,"column":26},"end":{"line":7,"column":60}},"locations":[{"start":{"line":7,"column":26},"end":{"line":7,"column":60}}]},"3":{"type":"branch","line":8,"loc":{"start":{"line":8,"column":26},"end":{"line":8,"column":60}},"locations":[{"start":{"line":8,"column":26},"end":{"line":8,"column":60}}]},"4":{"type":"branch","line":9,"loc":{"start":{"line":9,"column":20},"end":{"line":9,"column":47}},"locations":[{"start":{"line":9,"column":20},"end":{"line":9,"column":47}}]},"5":{"type":"branch","line":10,"loc":{"start":{"line":10,"column":21},"end":{"line":10,"column":49}},"locations":[{"start":{"line":10,"column":21},"end":{"line":10,"column":49}}]},"6":{"type":"branch","line":11,"loc":{"start":{"line":11,"column":21},"end":{"line":11,"column":49}},"locations":[{"start":{"line":11,"column":21},"end":{"line":11,"column":49}}]},"7":{"type":"branch","line":22,"loc":{"start":{"line":22,"column":27},"end":{"line":22,"column":45}},"locations":[{"start":{"line":22,"column":27},"end":{"line":22,"column":45}}]}},"b":{"0":[1],"1":[2],"2":[0],"3":[0],"4":[0],"5":[0],"6":[0],"7":[3]},"fnMap":{"0":{"name":"downloadCSV","decl":{"start":{"line":3,"column":27},"end":{"line":31,"column":2}},"loc":{"start":{"line":3,"column":27},"end":{"line":31,"column":2}},"line":3}},"f":{"0":1}}
}
